{"C:\\Users\\UCHE\\Desktop\\projects\\property-pro\\property-pro\\server\\app.js":{"path":"C:\\Users\\UCHE\\Desktop\\projects\\property-pro\\property-pro\\server\\app.js","statementMap":{"0":{"start":{"line":3,"column":0},"end":{"line":5,"column":3}},"1":{"start":{"line":6,"column":0},"end":{"line":6,"column":28}},"2":{"start":{"line":8,"column":15},"end":{"line":8,"column":72}},"3":{"start":{"line":10,"column":18},"end":{"line":10,"column":79}},"4":{"start":{"line":12,"column":18},"end":{"line":12,"column":72}},"5":{"start":{"line":14,"column":13},"end":{"line":14,"column":62}},"6":{"start":{"line":16,"column":13},"end":{"line":16,"column":62}},"7":{"start":{"line":18,"column":39},"end":{"line":18,"column":95}},"8":{"start":{"line":21,"column":10},"end":{"line":21,"column":36}},"9":{"start":{"line":22,"column":0},"end":{"line":24,"column":4}},"10":{"start":{"line":25,"column":0},"end":{"line":25,"column":39}},"11":{"start":{"line":27,"column":0},"end":{"line":27,"column":54}},"12":{"start":{"line":28,"column":0},"end":{"line":28,"column":43}},"13":{"start":{"line":29,"column":0},"end":{"line":29,"column":44}},"14":{"start":{"line":30,"column":0},"end":{"line":34,"column":3}},"15":{"start":{"line":31,"column":2},"end":{"line":33,"column":5}},"16":{"start":{"line":35,"column":11},"end":{"line":35,"column":35}},"17":{"start":{"line":36,"column":0},"end":{"line":38,"column":3}},"18":{"start":{"line":37,"column":2},"end":{"line":37,"column":59}},"19":{"start":{"line":39,"column":15},"end":{"line":39,"column":18}},"20":{"start":{"line":46,"column":0},"end":{"line":46,"column":30}}},"fnMap":{"0":{"name":"_interopRequireDefault","decl":{"start":{"line":18,"column":9},"end":{"line":18,"column":31}},"loc":{"start":{"line":18,"column":37},"end":{"line":18,"column":97}},"line":18},"1":{"name":"(anonymous_1)","decl":{"start":{"line":30,"column":13},"end":{"line":30,"column":14}},"loc":{"start":{"line":30,"column":33},"end":{"line":34,"column":1}},"line":30},"2":{"name":"(anonymous_2)","decl":{"start":{"line":36,"column":17},"end":{"line":36,"column":18}},"loc":{"start":{"line":36,"column":29},"end":{"line":38,"column":1}},"line":36}},"branchMap":{"0":{"loc":{"start":{"line":18,"column":46},"end":{"line":18,"column":94}},"type":"cond-expr","locations":[{"start":{"line":18,"column":70},"end":{"line":18,"column":73}},{"start":{"line":18,"column":76},"end":{"line":18,"column":94}}],"line":18},"1":{"loc":{"start":{"line":18,"column":46},"end":{"line":18,"column":67}},"type":"binary-expr","locations":[{"start":{"line":18,"column":46},"end":{"line":18,"column":49}},{"start":{"line":18,"column":53},"end":{"line":18,"column":67}}],"line":18},"2":{"loc":{"start":{"line":35,"column":11},"end":{"line":35,"column":35}},"type":"binary-expr","locations":[{"start":{"line":35,"column":11},"end":{"line":35,"column":27}},{"start":{"line":35,"column":31},"end":{"line":35,"column":35}}],"line":35}},"s":{"0":1,"1":1,"2":1,"3":1,"4":1,"5":1,"6":1,"7":5,"8":1,"9":1,"10":1,"11":1,"12":1,"13":1,"14":1,"15":1,"16":1,"17":1,"18":1,"19":1,"20":1},"f":{"0":5,"1":1,"2":1},"b":{"0":[3,2],"1":[5,5],"2":[1,1]},"_coverageSchema":"43e27e138ebf9cfc5966b082cf9a028302ed4184","hash":"f0d1b3f04c5269ebcd81a81befb6b484bb8edc82","contentHash":"4569786430634d5fa317289fc3392cb089852b33df7bebe48db349138df44613"},"C:\\Users\\UCHE\\Desktop\\projects\\property-pro\\property-pro\\server\\routes\\properties.js":{"path":"C:\\Users\\UCHE\\Desktop\\projects\\property-pro\\property-pro\\server\\routes\\properties.js","statementMap":{"0":{"start":{"line":3,"column":0},"end":{"line":5,"column":3}},"1":{"start":{"line":6,"column":0},"end":{"line":6,"column":28}},"2":{"start":{"line":8,"column":15},"end":{"line":8,"column":57}},"3":{"start":{"line":10,"column":26},"end":{"line":10,"column":94}},"4":{"start":{"line":12,"column":26},"end":{"line":12,"column":69}},"5":{"start":{"line":14,"column":39},"end":{"line":14,"column":95}},"6":{"start":{"line":17,"column":13},"end":{"line":17,"column":41}},"7":{"start":{"line":19,"column":19},"end":{"line":19,"column":62}},"8":{"start":{"line":20,"column":27},"end":{"line":20,"column":78}},"9":{"start":{"line":21,"column":29},"end":{"line":21,"column":82}},"10":{"start":{"line":22,"column":21},"end":{"line":22,"column":66}},"11":{"start":{"line":23,"column":21},"end":{"line":23,"column":66}},"12":{"start":{"line":24,"column":26},"end":{"line":24,"column":76}},"13":{"start":{"line":25,"column":26},"end":{"line":25,"column":76}},"14":{"start":{"line":26,"column":0},"end":{"line":26,"column":32}},"15":{"start":{"line":27,"column":0},"end":{"line":27,"column":47}},"16":{"start":{"line":28,"column":0},"end":{"line":28,"column":48}},"17":{"start":{"line":29,"column":0},"end":{"line":29,"column":68}},"18":{"start":{"line":30,"column":0},"end":{"line":30,"column":94}},"19":{"start":{"line":31,"column":0},"end":{"line":31,"column":105}},"20":{"start":{"line":32,"column":0},"end":{"line":32,"column":41}},"21":{"start":{"line":33,"column":15},"end":{"line":33,"column":21}},"22":{"start":{"line":34,"column":0},"end":{"line":34,"column":30}}},"fnMap":{"0":{"name":"_interopRequireDefault","decl":{"start":{"line":14,"column":9},"end":{"line":14,"column":31}},"loc":{"start":{"line":14,"column":37},"end":{"line":14,"column":97}},"line":14}},"branchMap":{"0":{"loc":{"start":{"line":14,"column":46},"end":{"line":14,"column":94}},"type":"cond-expr","locations":[{"start":{"line":14,"column":70},"end":{"line":14,"column":73}},{"start":{"line":14,"column":76},"end":{"line":14,"column":94}}],"line":14},"1":{"loc":{"start":{"line":14,"column":46},"end":{"line":14,"column":67}},"type":"binary-expr","locations":[{"start":{"line":14,"column":46},"end":{"line":14,"column":49}},{"start":{"line":14,"column":53},"end":{"line":14,"column":67}}],"line":14}},"s":{"0":1,"1":1,"2":1,"3":1,"4":1,"5":2,"6":1,"7":1,"8":1,"9":1,"10":1,"11":1,"12":1,"13":1,"14":1,"15":1,"16":1,"17":1,"18":1,"19":1,"20":1,"21":1,"22":1},"f":{"0":2},"b":{"0":[1,1],"1":[2,2]},"_coverageSchema":"43e27e138ebf9cfc5966b082cf9a028302ed4184","hash":"29a2317099b9136f5795b14b9763acd1a1222b69","contentHash":"2b8860f4b8a6eaa4a31d738c8b130b5db5c89d06c04346caed2bd5999d6880b7"},"C:\\Users\\UCHE\\Desktop\\projects\\property-pro\\property-pro\\server\\controllers\\PropertyController.js":{"path":"C:\\Users\\UCHE\\Desktop\\projects\\property-pro\\property-pro\\server\\controllers\\PropertyController.js","statementMap":{"0":{"start":{"line":3,"column":0},"end":{"line":5,"column":3}},"1":{"start":{"line":6,"column":0},"end":{"line":6,"column":28}},"2":{"start":{"line":8,"column":22},"end":{"line":8,"column":58}},"3":{"start":{"line":10,"column":16},"end":{"line":10,"column":69}},"4":{"start":{"line":12,"column":39},"end":{"line":12,"column":95}},"5":{"start":{"line":14,"column":33},"end":{"line":14,"column":464}},"6":{"start":{"line":14,"column":46},"end":{"line":14,"column":47}},"7":{"start":{"line":14,"column":91},"end":{"line":14,"column":131}},"8":{"start":{"line":14,"column":147},"end":{"line":14,"column":166}},"9":{"start":{"line":14,"column":168},"end":{"line":14,"column":382}},"10":{"start":{"line":14,"column":226},"end":{"line":14,"column":380}},"11":{"start":{"line":14,"column":312},"end":{"line":14,"column":375}},"12":{"start":{"line":14,"column":383},"end":{"line":14,"column":462}},"13":{"start":{"line":14,"column":416},"end":{"line":14,"column":458}},"14":{"start":{"line":14,"column":465},"end":{"line":14,"column":479}},"15":{"start":{"line":16,"column":44},"end":{"line":16,"column":195}},"16":{"start":{"line":16,"column":62},"end":{"line":16,"column":166}},"17":{"start":{"line":16,"column":176},"end":{"line":16,"column":193}},"18":{"start":{"line":16,"column":196},"end":{"line":16,"column":207}},"19":{"start":{"line":18,"column":50},"end":{"line":18,"column":151}},"20":{"start":{"line":18,"column":92},"end":{"line":18,"column":149}},"21":{"start":{"line":20,"column":44},"end":{"line":20,"column":315}},"22":{"start":{"line":20,"column":57},"end":{"line":20,"column":58}},"23":{"start":{"line":20,"column":102},"end":{"line":20,"column":110}},"24":{"start":{"line":20,"column":112},"end":{"line":20,"column":167}},"25":{"start":{"line":20,"column":168},"end":{"line":20,"column":199}},"26":{"start":{"line":20,"column":200},"end":{"line":20,"column":254}},"27":{"start":{"line":20,"column":227},"end":{"line":20,"column":254}},"28":{"start":{"line":20,"column":255},"end":{"line":20,"column":313}},"29":{"start":{"line":22,"column":62},"end":{"line":22,"column":131}},"30":{"start":{"line":22,"column":78},"end":{"line":22,"column":131}},"31":{"start":{"line":22,"column":132},"end":{"line":22,"column":193}},"32":{"start":{"line":22,"column":149},"end":{"line":22,"column":193}},"33":{"start":{"line":22,"column":194},"end":{"line":22,"column":213}},"34":{"start":{"line":27,"column":0},"end":{"line":160,"column":3}},"35":{"start":{"line":29,"column":4},"end":{"line":29,"column":46}},"36":{"start":{"line":32,"column":2},"end":{"line":157,"column":6}},"37":{"start":{"line":35,"column":18},"end":{"line":35,"column":55}},"38":{"start":{"line":36,"column":6},"end":{"line":39,"column":9}},"39":{"start":{"line":45,"column":24},"end":{"line":45,"column":61}},"40":{"start":{"line":46,"column":6},"end":{"line":46,"column":91}},"41":{"start":{"line":46,"column":36},"end":{"line":46,"column":91}},"42":{"start":{"line":48,"column":6},"end":{"line":53,"column":7}},"43":{"start":{"line":49,"column":8},"end":{"line":52,"column":11}},"44":{"start":{"line":55,"column":6},"end":{"line":59,"column":9}},"45":{"start":{"line":65,"column":21},"end":{"line":65,"column":36}},"46":{"start":{"line":66,"column":22},"end":{"line":66,"column":72}},"47":{"start":{"line":68,"column":6},"end":{"line":73,"column":7}},"48":{"start":{"line":69,"column":8},"end":{"line":72,"column":11}},"49":{"start":{"line":75,"column":6},"end":{"line":79,"column":9}},"50":{"start":{"line":85,"column":23},"end":{"line":85,"column":58}},"51":{"start":{"line":86,"column":22},"end":{"line":86,"column":74}},"52":{"start":{"line":88,"column":6},"end":{"line":93,"column":7}},"53":{"start":{"line":89,"column":8},"end":{"line":92,"column":11}},"54":{"start":{"line":95,"column":6},"end":{"line":99,"column":9}},"55":{"start":{"line":105,"column":23},"end":{"line":105,"column":44}},"56":{"start":{"line":106,"column":19},"end":{"line":106,"column":34}},"57":{"start":{"line":107,"column":22},"end":{"line":107,"column":93}},"58":{"start":{"line":108,"column":6},"end":{"line":111,"column":9}},"59":{"start":{"line":117,"column":26},"end":{"line":117,"column":53}},"60":{"start":{"line":119,"column":23},"end":{"line":119,"column":44}},"61":{"start":{"line":121,"column":29},"end":{"line":123,"column":8}},"62":{"start":{"line":122,"column":8},"end":{"line":122,"column":52}},"63":{"start":{"line":125,"column":26},"end":{"line":125,"column":72}},"64":{"start":{"line":127,"column":6},"end":{"line":127,"column":53}},"65":{"start":{"line":129,"column":6},"end":{"line":129,"column":70}},"66":{"start":{"line":131,"column":6},"end":{"line":135,"column":9}},"67":{"start":{"line":141,"column":15},"end":{"line":141,"column":28}},"68":{"start":{"line":142,"column":22},"end":{"line":142,"column":80}},"69":{"start":{"line":144,"column":6},"end":{"line":149,"column":7}},"70":{"start":{"line":145,"column":8},"end":{"line":148,"column":11}},"71":{"start":{"line":151,"column":28},"end":{"line":151,"column":84}},"72":{"start":{"line":152,"column":6},"end":{"line":155,"column":9}},"73":{"start":{"line":159,"column":2},"end":{"line":159,"column":28}},"74":{"start":{"line":162,"column":15},"end":{"line":162,"column":33}},"75":{"start":{"line":163,"column":0},"end":{"line":163,"column":30}}},"fnMap":{"0":{"name":"_interopRequireDefault","decl":{"start":{"line":12,"column":9},"end":{"line":12,"column":31}},"loc":{"start":{"line":12,"column":37},"end":{"line":12,"column":97}},"line":12},"1":{"name":"_objectSpread","decl":{"start":{"line":14,"column":9},"end":{"line":14,"column":22}},"loc":{"start":{"line":14,"column":31},"end":{"line":14,"column":481}},"line":14},"2":{"name":"(anonymous_2)","decl":{"start":{"line":14,"column":295},"end":{"line":14,"column":296}},"loc":{"start":{"line":14,"column":310},"end":{"line":14,"column":377}},"line":14},"3":{"name":"(anonymous_3)","decl":{"start":{"line":14,"column":399},"end":{"line":14,"column":400}},"loc":{"start":{"line":14,"column":414},"end":{"line":14,"column":460}},"line":14},"4":{"name":"_defineProperty","decl":{"start":{"line":16,"column":9},"end":{"line":16,"column":24}},"loc":{"start":{"line":16,"column":42},"end":{"line":16,"column":209}},"line":16},"5":{"name":"_classCallCheck","decl":{"start":{"line":18,"column":9},"end":{"line":18,"column":24}},"loc":{"start":{"line":18,"column":48},"end":{"line":18,"column":153}},"line":18},"6":{"name":"_defineProperties","decl":{"start":{"line":20,"column":9},"end":{"line":20,"column":26}},"loc":{"start":{"line":20,"column":42},"end":{"line":20,"column":317}},"line":20},"7":{"name":"_createClass","decl":{"start":{"line":22,"column":9},"end":{"line":22,"column":21}},"loc":{"start":{"line":22,"column":60},"end":{"line":22,"column":215}},"line":22},"8":{"name":"(anonymous_8)","decl":{"start":{"line":27,"column":0},"end":{"line":27,"column":1}},"loc":{"start":{"line":27,"column":12},"end":{"line":160,"column":1}},"line":27},"9":{"name":"propertyController","decl":{"start":{"line":28,"column":11},"end":{"line":28,"column":29}},"loc":{"start":{"line":28,"column":32},"end":{"line":30,"column":3}},"line":28},"10":{"name":"createPropAd","decl":{"start":{"line":34,"column":20},"end":{"line":34,"column":32}},"loc":{"start":{"line":34,"column":43},"end":{"line":40,"column":5}},"line":34},"11":{"name":"getAllProperty","decl":{"start":{"line":44,"column":20},"end":{"line":44,"column":34}},"loc":{"start":{"line":44,"column":45},"end":{"line":60,"column":5}},"line":44},"12":{"name":"getSpecificPropType","decl":{"start":{"line":64,"column":20},"end":{"line":64,"column":39}},"loc":{"start":{"line":64,"column":50},"end":{"line":80,"column":5}},"line":64},"13":{"name":"getSpecificProperty","decl":{"start":{"line":84,"column":20},"end":{"line":84,"column":39}},"loc":{"start":{"line":84,"column":50},"end":{"line":100,"column":5}},"line":84},"14":{"name":"updatePropertyAdStatus","decl":{"start":{"line":104,"column":20},"end":{"line":104,"column":42}},"loc":{"start":{"line":104,"column":53},"end":{"line":112,"column":5}},"line":104},"15":{"name":"updatePropertyAdData","decl":{"start":{"line":116,"column":20},"end":{"line":116,"column":40}},"loc":{"start":{"line":116,"column":51},"end":{"line":136,"column":5}},"line":116},"16":{"name":"(anonymous_16)","decl":{"start":{"line":121,"column":55},"end":{"line":121,"column":56}},"loc":{"start":{"line":121,"column":71},"end":{"line":123,"column":7}},"line":121},"17":{"name":"deleteProperty","decl":{"start":{"line":140,"column":20},"end":{"line":140,"column":34}},"loc":{"start":{"line":140,"column":45},"end":{"line":156,"column":5}},"line":140}},"branchMap":{"0":{"loc":{"start":{"line":12,"column":46},"end":{"line":12,"column":94}},"type":"cond-expr","locations":[{"start":{"line":12,"column":70},"end":{"line":12,"column":73}},{"start":{"line":12,"column":76},"end":{"line":12,"column":94}}],"line":12},"1":{"loc":{"start":{"line":12,"column":46},"end":{"line":12,"column":67}},"type":"binary-expr","locations":[{"start":{"line":12,"column":46},"end":{"line":12,"column":49}},{"start":{"line":12,"column":53},"end":{"line":12,"column":67}}],"line":12},"2":{"loc":{"start":{"line":14,"column":91},"end":{"line":14,"column":131}},"type":"cond-expr","locations":[{"start":{"line":14,"column":114},"end":{"line":14,"column":126}},{"start":{"line":14,"column":129},"end":{"line":14,"column":131}}],"line":14},"3":{"loc":{"start":{"line":14,"column":168},"end":{"line":14,"column":382}},"type":"if","locations":[{"start":{"line":14,"column":168},"end":{"line":14,"column":382}},{"start":{"line":14,"column":168},"end":{"line":14,"column":382}}],"line":14},"4":{"loc":{"start":{"line":16,"column":44},"end":{"line":16,"column":195}},"type":"if","locations":[{"start":{"line":16,"column":44},"end":{"line":16,"column":195}},{"start":{"line":16,"column":44},"end":{"line":16,"column":195}}],"line":16},"5":{"loc":{"start":{"line":18,"column":50},"end":{"line":18,"column":151}},"type":"if","locations":[{"start":{"line":18,"column":50},"end":{"line":18,"column":151}},{"start":{"line":18,"column":50},"end":{"line":18,"column":151}}],"line":18},"6":{"loc":{"start":{"line":20,"column":136},"end":{"line":20,"column":166}},"type":"binary-expr","locations":[{"start":{"line":20,"column":136},"end":{"line":20,"column":157}},{"start":{"line":20,"column":161},"end":{"line":20,"column":166}}],"line":20},"7":{"loc":{"start":{"line":20,"column":200},"end":{"line":20,"column":254}},"type":"if","locations":[{"start":{"line":20,"column":200},"end":{"line":20,"column":254}},{"start":{"line":20,"column":200},"end":{"line":20,"column":254}}],"line":20},"8":{"loc":{"start":{"line":22,"column":62},"end":{"line":22,"column":131}},"type":"if","locations":[{"start":{"line":22,"column":62},"end":{"line":22,"column":131}},{"start":{"line":22,"column":62},"end":{"line":22,"column":131}}],"line":22},"9":{"loc":{"start":{"line":22,"column":132},"end":{"line":22,"column":193}},"type":"if","locations":[{"start":{"line":22,"column":132},"end":{"line":22,"column":193}},{"start":{"line":22,"column":132},"end":{"line":22,"column":193}}],"line":22},"10":{"loc":{"start":{"line":46,"column":6},"end":{"line":46,"column":91}},"type":"if","locations":[{"start":{"line":46,"column":6},"end":{"line":46,"column":91}},{"start":{"line":46,"column":6},"end":{"line":46,"column":91}}],"line":46},"11":{"loc":{"start":{"line":48,"column":6},"end":{"line":53,"column":7}},"type":"if","locations":[{"start":{"line":48,"column":6},"end":{"line":53,"column":7}},{"start":{"line":48,"column":6},"end":{"line":53,"column":7}}],"line":48},"12":{"loc":{"start":{"line":68,"column":6},"end":{"line":73,"column":7}},"type":"if","locations":[{"start":{"line":68,"column":6},"end":{"line":73,"column":7}},{"start":{"line":68,"column":6},"end":{"line":73,"column":7}}],"line":68},"13":{"loc":{"start":{"line":88,"column":6},"end":{"line":93,"column":7}},"type":"if","locations":[{"start":{"line":88,"column":6},"end":{"line":93,"column":7}},{"start":{"line":88,"column":6},"end":{"line":93,"column":7}}],"line":88},"14":{"loc":{"start":{"line":144,"column":6},"end":{"line":149,"column":7}},"type":"if","locations":[{"start":{"line":144,"column":6},"end":{"line":149,"column":7}},{"start":{"line":144,"column":6},"end":{"line":149,"column":7}}],"line":144}},"s":{"0":1,"1":1,"2":1,"3":1,"4":1,"5":1,"6":1,"7":1,"8":1,"9":1,"10":1,"11":0,"12":1,"13":8,"14":1,"15":8,"16":0,"17":8,"18":8,"19":0,"20":0,"21":1,"22":1,"23":7,"24":7,"25":7,"26":7,"27":7,"28":7,"29":1,"30":0,"31":1,"32":1,"33":1,"34":1,"35":0,"36":1,"37":0,"38":0,"39":1,"40":1,"41":0,"42":1,"43":0,"44":1,"45":2,"46":2,"47":2,"48":1,"49":1,"50":2,"51":2,"52":2,"53":1,"54":1,"55":1,"56":1,"57":1,"58":1,"59":1,"60":1,"61":1,"62":1,"63":1,"64":1,"65":1,"66":1,"67":2,"68":2,"69":2,"70":1,"71":1,"72":1,"73":1,"74":1,"75":1},"f":{"0":1,"1":1,"2":0,"3":8,"4":8,"5":0,"6":1,"7":1,"8":1,"9":0,"10":0,"11":1,"12":2,"13":2,"14":1,"15":1,"16":1,"17":2},"b":{"0":[1,0],"1":[1,1],"2":[1,0],"3":[1,0],"4":[0,8],"5":[0,0],"6":[7,7],"7":[7,0],"8":[0,1],"9":[1,0],"10":[0,1],"11":[0,1],"12":[1,1],"13":[1,1],"14":[1,1]},"_coverageSchema":"43e27e138ebf9cfc5966b082cf9a028302ed4184","hash":"2a65d77f1a7540ad6322cfd663f3e9daaead13db","contentHash":"50598a29e6e8fe5f054eb81ddbd8c3327aa14454876242edaca64c939455b528"},"C:\\Users\\UCHE\\Desktop\\projects\\property-pro\\property-pro\\server\\helpers\\propertyHelper.js":{"path":"C:\\Users\\UCHE\\Desktop\\projects\\property-pro\\property-pro\\server\\helpers\\propertyHelper.js","statementMap":{"0":{"start":{"line":3,"column":0},"end":{"line":5,"column":3}},"1":{"start":{"line":6,"column":0},"end":{"line":6,"column":195}},"2":{"start":{"line":8,"column":16},"end":{"line":8,"column":69}},"3":{"start":{"line":10,"column":12},"end":{"line":10,"column":61}},"4":{"start":{"line":12,"column":39},"end":{"line":12,"column":95}},"5":{"start":{"line":14,"column":33},"end":{"line":14,"column":464}},"6":{"start":{"line":14,"column":46},"end":{"line":14,"column":47}},"7":{"start":{"line":14,"column":91},"end":{"line":14,"column":131}},"8":{"start":{"line":14,"column":147},"end":{"line":14,"column":166}},"9":{"start":{"line":14,"column":168},"end":{"line":14,"column":382}},"10":{"start":{"line":14,"column":226},"end":{"line":14,"column":380}},"11":{"start":{"line":14,"column":312},"end":{"line":14,"column":375}},"12":{"start":{"line":14,"column":383},"end":{"line":14,"column":462}},"13":{"start":{"line":14,"column":416},"end":{"line":14,"column":458}},"14":{"start":{"line":14,"column":465},"end":{"line":14,"column":479}},"15":{"start":{"line":16,"column":44},"end":{"line":16,"column":195}},"16":{"start":{"line":16,"column":62},"end":{"line":16,"column":166}},"17":{"start":{"line":16,"column":176},"end":{"line":16,"column":193}},"18":{"start":{"line":16,"column":196},"end":{"line":16,"column":207}},"19":{"start":{"line":18,"column":13},"end":{"line":37,"column":1}},"20":{"start":{"line":19,"column":18},"end":{"line":32,"column":3}},"21":{"start":{"line":34,"column":2},"end":{"line":34,"column":39}},"22":{"start":{"line":36,"column":2},"end":{"line":36,"column":19}},"23":{"start":{"line":39,"column":0},"end":{"line":39,"column":24}},"24":{"start":{"line":41,"column":21},"end":{"line":43,"column":1}},"25":{"start":{"line":42,"column":2},"end":{"line":42,"column":30}},"26":{"start":{"line":45,"column":0},"end":{"line":45,"column":40}},"27":{"start":{"line":47,"column":26},"end":{"line":53,"column":1}},"28":{"start":{"line":48,"column":21},"end":{"line":50,"column":4}},"29":{"start":{"line":49,"column":4},"end":{"line":49,"column":27}},"30":{"start":{"line":52,"column":2},"end":{"line":52,"column":22}},"31":{"start":{"line":55,"column":0},"end":{"line":55,"column":50}},"32":{"start":{"line":57,"column":26},"end":{"line":63,"column":1}},"33":{"start":{"line":58,"column":21},"end":{"line":60,"column":4}},"34":{"start":{"line":59,"column":4},"end":{"line":59,"column":35}},"35":{"start":{"line":62,"column":2},"end":{"line":62,"column":22}},"36":{"start":{"line":65,"column":0},"end":{"line":65,"column":50}},"37":{"start":{"line":67,"column":23},"end":{"line":81,"column":1}},"38":{"start":{"line":68,"column":25},"end":{"line":70,"column":4}},"39":{"start":{"line":69,"column":4},"end":{"line":69,"column":27}},"40":{"start":{"line":72,"column":21},"end":{"line":74,"column":4}},"41":{"start":{"line":76,"column":22},"end":{"line":76,"column":68}},"42":{"start":{"line":78,"column":2},"end":{"line":78,"column":62}},"43":{"start":{"line":80,"column":2},"end":{"line":80,"column":22}},"44":{"start":{"line":83,"column":0},"end":{"line":83,"column":44}},"45":{"start":{"line":85,"column":24},"end":{"line":95,"column":1}},"46":{"start":{"line":86,"column":25},"end":{"line":88,"column":4}},"47":{"start":{"line":87,"column":4},"end":{"line":87,"column":27}},"48":{"start":{"line":90,"column":14},"end":{"line":90,"column":60}},"49":{"start":{"line":92,"column":2},"end":{"line":92,"column":40}},"50":{"start":{"line":94,"column":2},"end":{"line":94,"column":26}},"51":{"start":{"line":97,"column":0},"end":{"line":97,"column":46}},"52":{"start":{"line":99,"column":27},"end":{"line":105,"column":1}},"53":{"start":{"line":100,"column":25},"end":{"line":102,"column":4}},"54":{"start":{"line":101,"column":4},"end":{"line":101,"column":27}},"55":{"start":{"line":104,"column":2},"end":{"line":104,"column":26}},"56":{"start":{"line":107,"column":0},"end":{"line":107,"column":52}}},"fnMap":{"0":{"name":"_interopRequireDefault","decl":{"start":{"line":12,"column":9},"end":{"line":12,"column":31}},"loc":{"start":{"line":12,"column":37},"end":{"line":12,"column":97}},"line":12},"1":{"name":"_objectSpread","decl":{"start":{"line":14,"column":9},"end":{"line":14,"column":22}},"loc":{"start":{"line":14,"column":31},"end":{"line":14,"column":481}},"line":14},"2":{"name":"(anonymous_2)","decl":{"start":{"line":14,"column":295},"end":{"line":14,"column":296}},"loc":{"start":{"line":14,"column":310},"end":{"line":14,"column":377}},"line":14},"3":{"name":"(anonymous_3)","decl":{"start":{"line":14,"column":399},"end":{"line":14,"column":400}},"loc":{"start":{"line":14,"column":414},"end":{"line":14,"column":460}},"line":14},"4":{"name":"_defineProperty","decl":{"start":{"line":16,"column":9},"end":{"line":16,"column":24}},"loc":{"start":{"line":16,"column":42},"end":{"line":16,"column":209}},"line":16},"5":{"name":"postAd","decl":{"start":{"line":18,"column":22},"end":{"line":18,"column":28}},"loc":{"start":{"line":18,"column":35},"end":{"line":37,"column":1}},"line":18},"6":{"name":"getAllProperty","decl":{"start":{"line":41,"column":30},"end":{"line":41,"column":44}},"loc":{"start":{"line":41,"column":47},"end":{"line":43,"column":1}},"line":41},"7":{"name":"getSpecificProperty","decl":{"start":{"line":47,"column":35},"end":{"line":47,"column":54}},"loc":{"start":{"line":47,"column":59},"end":{"line":53,"column":1}},"line":47},"8":{"name":"(anonymous_8)","decl":{"start":{"line":48,"column":49},"end":{"line":48,"column":50}},"loc":{"start":{"line":48,"column":66},"end":{"line":50,"column":3}},"line":48},"9":{"name":"getSpecificPropType","decl":{"start":{"line":57,"column":35},"end":{"line":57,"column":54}},"loc":{"start":{"line":57,"column":65},"end":{"line":63,"column":1}},"line":57},"10":{"name":"(anonymous_10)","decl":{"start":{"line":58,"column":49},"end":{"line":58,"column":50}},"loc":{"start":{"line":58,"column":66},"end":{"line":60,"column":3}},"line":58},"11":{"name":"changePropStatus","decl":{"start":{"line":67,"column":32},"end":{"line":67,"column":48}},"loc":{"start":{"line":67,"column":61},"end":{"line":81,"column":1}},"line":67},"12":{"name":"(anonymous_12)","decl":{"start":{"line":68,"column":51},"end":{"line":68,"column":52}},"loc":{"start":{"line":68,"column":68},"end":{"line":70,"column":3}},"line":68},"13":{"name":"deleteOneProperty","decl":{"start":{"line":85,"column":33},"end":{"line":85,"column":50}},"loc":{"start":{"line":85,"column":55},"end":{"line":95,"column":1}},"line":85},"14":{"name":"(anonymous_14)","decl":{"start":{"line":86,"column":51},"end":{"line":86,"column":52}},"loc":{"start":{"line":86,"column":68},"end":{"line":88,"column":3}},"line":86},"15":{"name":"SpecificPropertyData","decl":{"start":{"line":99,"column":36},"end":{"line":99,"column":56}},"loc":{"start":{"line":99,"column":61},"end":{"line":105,"column":1}},"line":99},"16":{"name":"(anonymous_16)","decl":{"start":{"line":100,"column":51},"end":{"line":100,"column":52}},"loc":{"start":{"line":100,"column":68},"end":{"line":102,"column":3}},"line":100}},"branchMap":{"0":{"loc":{"start":{"line":12,"column":46},"end":{"line":12,"column":94}},"type":"cond-expr","locations":[{"start":{"line":12,"column":70},"end":{"line":12,"column":73}},{"start":{"line":12,"column":76},"end":{"line":12,"column":94}}],"line":12},"1":{"loc":{"start":{"line":12,"column":46},"end":{"line":12,"column":67}},"type":"binary-expr","locations":[{"start":{"line":12,"column":46},"end":{"line":12,"column":49}},{"start":{"line":12,"column":53},"end":{"line":12,"column":67}}],"line":12},"2":{"loc":{"start":{"line":14,"column":91},"end":{"line":14,"column":131}},"type":"cond-expr","locations":[{"start":{"line":14,"column":114},"end":{"line":14,"column":126}},{"start":{"line":14,"column":129},"end":{"line":14,"column":131}}],"line":14},"3":{"loc":{"start":{"line":14,"column":168},"end":{"line":14,"column":382}},"type":"if","locations":[{"start":{"line":14,"column":168},"end":{"line":14,"column":382}},{"start":{"line":14,"column":168},"end":{"line":14,"column":382}}],"line":14},"4":{"loc":{"start":{"line":16,"column":44},"end":{"line":16,"column":195}},"type":"if","locations":[{"start":{"line":16,"column":44},"end":{"line":16,"column":195}},{"start":{"line":16,"column":44},"end":{"line":16,"column":195}}],"line":16}},"s":{"0":1,"1":1,"2":1,"3":1,"4":2,"5":1,"6":1,"7":2,"8":2,"9":2,"10":2,"11":0,"12":2,"13":11,"14":1,"15":11,"16":1,"17":10,"18":11,"19":1,"20":0,"21":0,"22":0,"23":1,"24":1,"25":1,"26":1,"27":1,"28":10,"29":59,"30":10,"31":1,"32":1,"33":2,"34":12,"35":2,"36":1,"37":1,"38":1,"39":1,"40":1,"41":1,"42":1,"43":1,"44":1,"45":1,"46":1,"47":3,"48":1,"49":1,"50":1,"51":1,"52":1,"53":0,"54":0,"55":0,"56":1},"f":{"0":2,"1":1,"2":0,"3":11,"4":11,"5":0,"6":1,"7":10,"8":59,"9":2,"10":12,"11":1,"12":1,"13":1,"14":3,"15":0,"16":0},"b":{"0":[2,0],"1":[2,2],"2":[2,0],"3":[2,0],"4":[1,10]},"_coverageSchema":"43e27e138ebf9cfc5966b082cf9a028302ed4184","hash":"0545da1e2c51c898618bbca406bee8142059f7fc","contentHash":"4f95a94cdfb4bf40bfd46c920712558309138b4d2c35d8ef00e57f4497d8cd0b"},"C:\\Users\\UCHE\\Desktop\\projects\\property-pro\\property-pro\\server\\models\\property.js":{"path":"C:\\Users\\UCHE\\Desktop\\projects\\property-pro\\property-pro\\server\\models\\property.js","statementMap":{"0":{"start":{"line":3,"column":0},"end":{"line":5,"column":3}},"1":{"start":{"line":6,"column":0},"end":{"line":6,"column":28}},"2":{"start":{"line":7,"column":15},"end":{"line":73,"column":2}},"3":{"start":{"line":74,"column":15},"end":{"line":74,"column":23}},"4":{"start":{"line":75,"column":0},"end":{"line":75,"column":30}}},"fnMap":{},"branchMap":{},"s":{"0":1,"1":1,"2":1,"3":1,"4":1},"f":{},"b":{},"_coverageSchema":"43e27e138ebf9cfc5966b082cf9a028302ed4184","hash":"b3f3c8dc9a753cd4542fbcc7b1cb772ea7099a96","contentHash":"39729a53063b34b135a1bd2c7c759ba69619c594ccb7095fd23dfbc5f1c44459"},"C:\\Users\\UCHE\\Desktop\\projects\\property-pro\\property-pro\\server\\models\\user.js":{"path":"C:\\Users\\UCHE\\Desktop\\projects\\property-pro\\property-pro\\server\\models\\user.js","statementMap":{"0":{"start":{"line":3,"column":0},"end":{"line":5,"column":3}},"1":{"start":{"line":6,"column":0},"end":{"line":6,"column":28}},"2":{"start":{"line":7,"column":12},"end":{"line":47,"column":2}},"3":{"start":{"line":48,"column":15},"end":{"line":48,"column":20}},"4":{"start":{"line":49,"column":0},"end":{"line":49,"column":30}}},"fnMap":{},"branchMap":{},"s":{"0":1,"1":1,"2":1,"3":1,"4":1},"f":{},"b":{},"_coverageSchema":"43e27e138ebf9cfc5966b082cf9a028302ed4184","hash":"2666213bf3b30a5113c53ee2dec8f9deaf0fc515","contentHash":"60cab6eddefe8625282b418579794fb75f671be808a436f23bf39a3d6da60276"},"C:\\Users\\UCHE\\Desktop\\projects\\property-pro\\property-pro\\server\\middleware\\propertyValidation.js":{"path":"C:\\Users\\UCHE\\Desktop\\projects\\property-pro\\property-pro\\server\\middleware\\propertyValidation.js","statementMap":{"0":{"start":{"line":3,"column":0},"end":{"line":5,"column":3}},"1":{"start":{"line":6,"column":0},"end":{"line":6,"column":99}},"2":{"start":{"line":8,"column":22},"end":{"line":8,"column":58}},"3":{"start":{"line":10,"column":33},"end":{"line":10,"column":464}},"4":{"start":{"line":10,"column":46},"end":{"line":10,"column":47}},"5":{"start":{"line":10,"column":91},"end":{"line":10,"column":131}},"6":{"start":{"line":10,"column":147},"end":{"line":10,"column":166}},"7":{"start":{"line":10,"column":168},"end":{"line":10,"column":382}},"8":{"start":{"line":10,"column":226},"end":{"line":10,"column":380}},"9":{"start":{"line":10,"column":312},"end":{"line":10,"column":375}},"10":{"start":{"line":10,"column":383},"end":{"line":10,"column":462}},"11":{"start":{"line":10,"column":416},"end":{"line":10,"column":458}},"12":{"start":{"line":10,"column":465},"end":{"line":10,"column":479}},"13":{"start":{"line":12,"column":44},"end":{"line":12,"column":195}},"14":{"start":{"line":12,"column":62},"end":{"line":12,"column":166}},"15":{"start":{"line":12,"column":176},"end":{"line":12,"column":193}},"16":{"start":{"line":12,"column":196},"end":{"line":12,"column":207}},"17":{"start":{"line":14,"column":50},"end":{"line":14,"column":151}},"18":{"start":{"line":14,"column":92},"end":{"line":14,"column":149}},"19":{"start":{"line":16,"column":44},"end":{"line":16,"column":315}},"20":{"start":{"line":16,"column":57},"end":{"line":16,"column":58}},"21":{"start":{"line":16,"column":102},"end":{"line":16,"column":110}},"22":{"start":{"line":16,"column":112},"end":{"line":16,"column":167}},"23":{"start":{"line":16,"column":168},"end":{"line":16,"column":199}},"24":{"start":{"line":16,"column":200},"end":{"line":16,"column":254}},"25":{"start":{"line":16,"column":227},"end":{"line":16,"column":254}},"26":{"start":{"line":16,"column":255},"end":{"line":16,"column":313}},"27":{"start":{"line":18,"column":62},"end":{"line":18,"column":131}},"28":{"start":{"line":18,"column":78},"end":{"line":18,"column":131}},"29":{"start":{"line":18,"column":132},"end":{"line":18,"column":193}},"30":{"start":{"line":18,"column":149},"end":{"line":18,"column":193}},"31":{"start":{"line":18,"column":194},"end":{"line":18,"column":213}},"32":{"start":{"line":22,"column":0},"end":{"line":140,"column":3}},"33":{"start":{"line":24,"column":4},"end":{"line":24,"column":46}},"34":{"start":{"line":27,"column":2},"end":{"line":137,"column":6}},"35":{"start":{"line":30,"column":22},"end":{"line":30,"column":30}},"36":{"start":{"line":31,"column":18},"end":{"line":31,"column":33}},"37":{"start":{"line":32,"column":19},"end":{"line":32,"column":35}},"38":{"start":{"line":33,"column":18},"end":{"line":33,"column":33}},"39":{"start":{"line":34,"column":18},"end":{"line":34,"column":33}},"40":{"start":{"line":35,"column":17},"end":{"line":35,"column":31}},"41":{"start":{"line":36,"column":20},"end":{"line":36,"column":37}},"42":{"start":{"line":37,"column":17},"end":{"line":37,"column":31}},"43":{"start":{"line":38,"column":21},"end":{"line":38,"column":39}},"44":{"start":{"line":40,"column":6},"end":{"line":48,"column":7}},"45":{"start":{"line":41,"column":8},"end":{"line":47,"column":11}},"46":{"start":{"line":66,"column":6},"end":{"line":66,"column":20}},"47":{"start":{"line":71,"column":23},"end":{"line":71,"column":44}},"48":{"start":{"line":72,"column":21},"end":{"line":72,"column":87}},"49":{"start":{"line":74,"column":6},"end":{"line":79,"column":7}},"50":{"start":{"line":75,"column":8},"end":{"line":78,"column":11}},"51":{"start":{"line":81,"column":25},"end":{"line":81,"column":52}},"52":{"start":{"line":83,"column":32},"end":{"line":83,"column":42}},"53":{"start":{"line":84,"column":20},"end":{"line":84,"column":45}},"54":{"start":{"line":85,"column":24},"end":{"line":87,"column":8}},"55":{"start":{"line":86,"column":8},"end":{"line":86,"column":50}},"56":{"start":{"line":89,"column":6},"end":{"line":94,"column":7}},"57":{"start":{"line":90,"column":8},"end":{"line":93,"column":11}},"58":{"start":{"line":96,"column":19},"end":{"line":96,"column":34}},"59":{"start":{"line":98,"column":6},"end":{"line":103,"column":7}},"60":{"start":{"line":99,"column":8},"end":{"line":102,"column":11}},"61":{"start":{"line":105,"column":6},"end":{"line":105,"column":20}},"62":{"start":{"line":110,"column":23},"end":{"line":110,"column":44}},"63":{"start":{"line":111,"column":21},"end":{"line":111,"column":87}},"64":{"start":{"line":113,"column":6},"end":{"line":118,"column":7}},"65":{"start":{"line":114,"column":8},"end":{"line":117,"column":11}},"66":{"start":{"line":120,"column":26},"end":{"line":120,"column":53}},"67":{"start":{"line":122,"column":33},"end":{"line":122,"column":111}},"68":{"start":{"line":123,"column":20},"end":{"line":123,"column":46}},"69":{"start":{"line":124,"column":25},"end":{"line":126,"column":8}},"70":{"start":{"line":125,"column":8},"end":{"line":125,"column":52}},"71":{"start":{"line":128,"column":6},"end":{"line":133,"column":7}},"72":{"start":{"line":129,"column":8},"end":{"line":132,"column":11}},"73":{"start":{"line":135,"column":6},"end":{"line":135,"column":20}},"74":{"start":{"line":139,"column":2},"end":{"line":139,"column":28}},"75":{"start":{"line":142,"column":22},"end":{"line":142,"column":56}},"76":{"start":{"line":143,"column":30},"end":{"line":143,"column":72}},"77":{"start":{"line":144,"column":28},"end":{"line":144,"column":68}},"78":{"start":{"line":145,"column":0},"end":{"line":145,"column":54}},"79":{"start":{"line":146,"column":0},"end":{"line":146,"column":58}},"80":{"start":{"line":147,"column":0},"end":{"line":147,"column":42}}},"fnMap":{"0":{"name":"_objectSpread","decl":{"start":{"line":10,"column":9},"end":{"line":10,"column":22}},"loc":{"start":{"line":10,"column":31},"end":{"line":10,"column":481}},"line":10},"1":{"name":"(anonymous_1)","decl":{"start":{"line":10,"column":295},"end":{"line":10,"column":296}},"loc":{"start":{"line":10,"column":310},"end":{"line":10,"column":377}},"line":10},"2":{"name":"(anonymous_2)","decl":{"start":{"line":10,"column":399},"end":{"line":10,"column":400}},"loc":{"start":{"line":10,"column":414},"end":{"line":10,"column":460}},"line":10},"3":{"name":"_defineProperty","decl":{"start":{"line":12,"column":9},"end":{"line":12,"column":24}},"loc":{"start":{"line":12,"column":42},"end":{"line":12,"column":209}},"line":12},"4":{"name":"_classCallCheck","decl":{"start":{"line":14,"column":9},"end":{"line":14,"column":24}},"loc":{"start":{"line":14,"column":48},"end":{"line":14,"column":153}},"line":14},"5":{"name":"_defineProperties","decl":{"start":{"line":16,"column":9},"end":{"line":16,"column":26}},"loc":{"start":{"line":16,"column":42},"end":{"line":16,"column":317}},"line":16},"6":{"name":"_createClass","decl":{"start":{"line":18,"column":9},"end":{"line":18,"column":21}},"loc":{"start":{"line":18,"column":60},"end":{"line":18,"column":215}},"line":18},"7":{"name":"(anonymous_7)","decl":{"start":{"line":22,"column":0},"end":{"line":22,"column":1}},"loc":{"start":{"line":22,"column":12},"end":{"line":140,"column":1}},"line":22},"8":{"name":"PropertyValidators","decl":{"start":{"line":23,"column":11},"end":{"line":23,"column":29}},"loc":{"start":{"line":23,"column":32},"end":{"line":25,"column":3}},"line":23},"9":{"name":"postAdValidator","decl":{"start":{"line":29,"column":20},"end":{"line":29,"column":35}},"loc":{"start":{"line":29,"column":52},"end":{"line":67,"column":5}},"line":29},"10":{"name":"updateAdStatusValidator","decl":{"start":{"line":70,"column":20},"end":{"line":70,"column":43}},"loc":{"start":{"line":70,"column":60},"end":{"line":106,"column":5}},"line":70},"11":{"name":"(anonymous_11)","decl":{"start":{"line":85,"column":39},"end":{"line":85,"column":40}},"loc":{"start":{"line":85,"column":54},"end":{"line":87,"column":7}},"line":85},"12":{"name":"updateAdDataValidator","decl":{"start":{"line":109,"column":20},"end":{"line":109,"column":41}},"loc":{"start":{"line":109,"column":58},"end":{"line":136,"column":5}},"line":109},"13":{"name":"(anonymous_13)","decl":{"start":{"line":124,"column":40},"end":{"line":124,"column":41}},"loc":{"start":{"line":124,"column":56},"end":{"line":126,"column":7}},"line":124}},"branchMap":{"0":{"loc":{"start":{"line":10,"column":91},"end":{"line":10,"column":131}},"type":"cond-expr","locations":[{"start":{"line":10,"column":114},"end":{"line":10,"column":126}},{"start":{"line":10,"column":129},"end":{"line":10,"column":131}}],"line":10},"1":{"loc":{"start":{"line":10,"column":168},"end":{"line":10,"column":382}},"type":"if","locations":[{"start":{"line":10,"column":168},"end":{"line":10,"column":382}},{"start":{"line":10,"column":168},"end":{"line":10,"column":382}}],"line":10},"2":{"loc":{"start":{"line":12,"column":44},"end":{"line":12,"column":195}},"type":"if","locations":[{"start":{"line":12,"column":44},"end":{"line":12,"column":195}},{"start":{"line":12,"column":44},"end":{"line":12,"column":195}}],"line":12},"3":{"loc":{"start":{"line":14,"column":50},"end":{"line":14,"column":151}},"type":"if","locations":[{"start":{"line":14,"column":50},"end":{"line":14,"column":151}},{"start":{"line":14,"column":50},"end":{"line":14,"column":151}}],"line":14},"4":{"loc":{"start":{"line":16,"column":136},"end":{"line":16,"column":166}},"type":"binary-expr","locations":[{"start":{"line":16,"column":136},"end":{"line":16,"column":157}},{"start":{"line":16,"column":161},"end":{"line":16,"column":166}}],"line":16},"5":{"loc":{"start":{"line":16,"column":200},"end":{"line":16,"column":254}},"type":"if","locations":[{"start":{"line":16,"column":200},"end":{"line":16,"column":254}},{"start":{"line":16,"column":200},"end":{"line":16,"column":254}}],"line":16},"6":{"loc":{"start":{"line":18,"column":62},"end":{"line":18,"column":131}},"type":"if","locations":[{"start":{"line":18,"column":62},"end":{"line":18,"column":131}},{"start":{"line":18,"column":62},"end":{"line":18,"column":131}}],"line":18},"7":{"loc":{"start":{"line":18,"column":132},"end":{"line":18,"column":193}},"type":"if","locations":[{"start":{"line":18,"column":132},"end":{"line":18,"column":193}},{"start":{"line":18,"column":132},"end":{"line":18,"column":193}}],"line":18},"8":{"loc":{"start":{"line":40,"column":6},"end":{"line":48,"column":7}},"type":"if","locations":[{"start":{"line":40,"column":6},"end":{"line":48,"column":7}},{"start":{"line":40,"column":6},"end":{"line":48,"column":7}}],"line":40},"9":{"loc":{"start":{"line":40,"column":10},"end":{"line":40,"column":90}},"type":"binary-expr","locations":[{"start":{"line":40,"column":10},"end":{"line":40,"column":16}},{"start":{"line":40,"column":20},"end":{"line":40,"column":27}},{"start":{"line":40,"column":31},"end":{"line":40,"column":37}},{"start":{"line":40,"column":41},"end":{"line":40,"column":47}},{"start":{"line":40,"column":51},"end":{"line":40,"column":56}},{"start":{"line":40,"column":60},"end":{"line":40,"column":68}},{"start":{"line":40,"column":72},"end":{"line":40,"column":77}},{"start":{"line":40,"column":81},"end":{"line":40,"column":90}}],"line":40},"10":{"loc":{"start":{"line":74,"column":6},"end":{"line":79,"column":7}},"type":"if","locations":[{"start":{"line":74,"column":6},"end":{"line":79,"column":7}},{"start":{"line":74,"column":6},"end":{"line":79,"column":7}}],"line":74},"11":{"loc":{"start":{"line":89,"column":6},"end":{"line":94,"column":7}},"type":"if","locations":[{"start":{"line":89,"column":6},"end":{"line":94,"column":7}},{"start":{"line":89,"column":6},"end":{"line":94,"column":7}}],"line":89},"12":{"loc":{"start":{"line":98,"column":6},"end":{"line":103,"column":7}},"type":"if","locations":[{"start":{"line":98,"column":6},"end":{"line":103,"column":7}},{"start":{"line":98,"column":6},"end":{"line":103,"column":7}}],"line":98},"13":{"loc":{"start":{"line":113,"column":6},"end":{"line":118,"column":7}},"type":"if","locations":[{"start":{"line":113,"column":6},"end":{"line":118,"column":7}},{"start":{"line":113,"column":6},"end":{"line":118,"column":7}}],"line":113},"14":{"loc":{"start":{"line":128,"column":6},"end":{"line":133,"column":7}},"type":"if","locations":[{"start":{"line":128,"column":6},"end":{"line":133,"column":7}},{"start":{"line":128,"column":6},"end":{"line":133,"column":7}}],"line":128}},"s":{"0":1,"1":1,"2":1,"3":4,"4":4,"5":4,"6":4,"7":4,"8":4,"9":0,"10":4,"11":19,"12":4,"13":19,"14":0,"15":19,"16":19,"17":0,"18":0,"19":1,"20":1,"21":3,"22":3,"23":3,"24":3,"25":3,"26":3,"27":1,"28":0,"29":1,"30":1,"31":1,"32":1,"33":0,"34":1,"35":8,"36":8,"37":8,"38":8,"39":8,"40":8,"41":8,"42":8,"43":8,"44":8,"45":8,"46":0,"47":3,"48":3,"49":3,"50":1,"51":2,"52":2,"53":2,"54":2,"55":3,"56":2,"57":1,"58":1,"59":1,"60":0,"61":1,"62":3,"63":3,"64":3,"65":1,"66":2,"67":2,"68":2,"69":2,"70":16,"71":2,"72":1,"73":1,"74":1,"75":1,"76":1,"77":1,"78":1,"79":1,"80":1},"f":{"0":4,"1":0,"2":19,"3":19,"4":0,"5":1,"6":1,"7":1,"8":0,"9":8,"10":3,"11":3,"12":3,"13":16},"b":{"0":[4,0],"1":[4,0],"2":[0,19],"3":[0,0],"4":[3,3],"5":[3,0],"6":[0,1],"7":[1,0],"8":[8,0],"9":[8,7,6,5,4,1,1,0],"10":[1,2],"11":[1,1],"12":[0,1],"13":[1,2],"14":[1,1]},"_coverageSchema":"43e27e138ebf9cfc5966b082cf9a028302ed4184","hash":"115e12db7a01ddd58a5f4b35c35bbf9deb68da74","contentHash":"5219e554975f6090bb6477efba82f838b7ec28e08195c9851be8a331fcd56858"},"C:\\Users\\UCHE\\Desktop\\projects\\property-pro\\property-pro\\server\\routes\\users.js":{"path":"C:\\Users\\UCHE\\Desktop\\projects\\property-pro\\property-pro\\server\\routes\\users.js","statementMap":{"0":{"start":{"line":3,"column":0},"end":{"line":5,"column":3}},"1":{"start":{"line":6,"column":0},"end":{"line":6,"column":28}},"2":{"start":{"line":8,"column":15},"end":{"line":8,"column":73}},"3":{"start":{"line":10,"column":23},"end":{"line":10,"column":88}},"4":{"start":{"line":12,"column":22},"end":{"line":12,"column":61}},"5":{"start":{"line":14,"column":39},"end":{"line":14,"column":95}},"6":{"start":{"line":16,"column":13},"end":{"line":16,"column":41}},"7":{"start":{"line":18,"column":17},"end":{"line":18,"column":55}},"8":{"start":{"line":19,"column":16},"end":{"line":19,"column":53}},"9":{"start":{"line":20,"column":0},"end":{"line":20,"column":69}},"10":{"start":{"line":21,"column":0},"end":{"line":21,"column":61}},"11":{"start":{"line":22,"column":15},"end":{"line":22,"column":21}},"12":{"start":{"line":23,"column":0},"end":{"line":23,"column":30}}},"fnMap":{"0":{"name":"_interopRequireDefault","decl":{"start":{"line":14,"column":9},"end":{"line":14,"column":31}},"loc":{"start":{"line":14,"column":37},"end":{"line":14,"column":97}},"line":14}},"branchMap":{"0":{"loc":{"start":{"line":14,"column":46},"end":{"line":14,"column":94}},"type":"cond-expr","locations":[{"start":{"line":14,"column":70},"end":{"line":14,"column":73}},{"start":{"line":14,"column":76},"end":{"line":14,"column":94}}],"line":14},"1":{"loc":{"start":{"line":14,"column":46},"end":{"line":14,"column":67}},"type":"binary-expr","locations":[{"start":{"line":14,"column":46},"end":{"line":14,"column":49}},{"start":{"line":14,"column":53},"end":{"line":14,"column":67}}],"line":14}},"s":{"0":1,"1":1,"2":1,"3":1,"4":1,"5":2,"6":1,"7":1,"8":1,"9":1,"10":1,"11":1,"12":1},"f":{"0":2},"b":{"0":[1,1],"1":[2,2]},"_coverageSchema":"43e27e138ebf9cfc5966b082cf9a028302ed4184","hash":"393d3354cc50aa181dc0e744bfbbfe58fcce6a4d","contentHash":"776029dfad6a524e261844b9c2a13826766ebb8e0832de5ea1655e24521578fb"},"C:\\Users\\UCHE\\Desktop\\projects\\property-pro\\property-pro\\server\\controllers\\UsersController.js":{"path":"C:\\Users\\UCHE\\Desktop\\projects\\property-pro\\property-pro\\server\\controllers\\UsersController.js","statementMap":{"0":{"start":{"line":3,"column":0},"end":{"line":5,"column":3}},"1":{"start":{"line":6,"column":0},"end":{"line":6,"column":28}},"2":{"start":{"line":8,"column":18},"end":{"line":8,"column":50}},"3":{"start":{"line":10,"column":14},"end":{"line":10,"column":69}},"4":{"start":{"line":12,"column":39},"end":{"line":12,"column":95}},"5":{"start":{"line":14,"column":50},"end":{"line":14,"column":151}},"6":{"start":{"line":14,"column":92},"end":{"line":14,"column":149}},"7":{"start":{"line":16,"column":44},"end":{"line":16,"column":315}},"8":{"start":{"line":16,"column":57},"end":{"line":16,"column":58}},"9":{"start":{"line":16,"column":102},"end":{"line":16,"column":110}},"10":{"start":{"line":16,"column":112},"end":{"line":16,"column":167}},"11":{"start":{"line":16,"column":168},"end":{"line":16,"column":199}},"12":{"start":{"line":16,"column":200},"end":{"line":16,"column":254}},"13":{"start":{"line":16,"column":227},"end":{"line":16,"column":254}},"14":{"start":{"line":16,"column":255},"end":{"line":16,"column":313}},"15":{"start":{"line":18,"column":62},"end":{"line":18,"column":131}},"16":{"start":{"line":18,"column":78},"end":{"line":18,"column":131}},"17":{"start":{"line":18,"column":132},"end":{"line":18,"column":193}},"18":{"start":{"line":18,"column":149},"end":{"line":18,"column":193}},"19":{"start":{"line":18,"column":194},"end":{"line":18,"column":213}},"20":{"start":{"line":22,"column":0},"end":{"line":86,"column":3}},"21":{"start":{"line":24,"column":4},"end":{"line":24,"column":42}},"22":{"start":{"line":27,"column":2},"end":{"line":83,"column":6}},"23":{"start":{"line":30,"column":18},"end":{"line":30,"column":32}},"24":{"start":{"line":31,"column":22},"end":{"line":31,"column":61}},"25":{"start":{"line":33,"column":6},"end":{"line":38,"column":7}},"26":{"start":{"line":34,"column":8},"end":{"line":37,"column":11}},"27":{"start":{"line":40,"column":27},"end":{"line":40,"column":77}},"28":{"start":{"line":42,"column":6},"end":{"line":42,"column":41}},"29":{"start":{"line":43,"column":20},"end":{"line":43,"column":53}},"30":{"start":{"line":44,"column":6},"end":{"line":47,"column":9}},"31":{"start":{"line":52,"column":18},"end":{"line":52,"column":32}},"32":{"start":{"line":53,"column":25},"end":{"line":53,"column":64}},"33":{"start":{"line":55,"column":6},"end":{"line":60,"column":7}},"34":{"start":{"line":56,"column":8},"end":{"line":59,"column":11}},"35":{"start":{"line":62,"column":30},"end":{"line":62,"column":106}},"36":{"start":{"line":64,"column":6},"end":{"line":69,"column":7}},"37":{"start":{"line":65,"column":8},"end":{"line":68,"column":11}},"38":{"start":{"line":71,"column":32},"end":{"line":74,"column":7}},"39":{"start":{"line":76,"column":6},"end":{"line":76,"column":60}},"40":{"start":{"line":78,"column":6},"end":{"line":81,"column":9}},"41":{"start":{"line":85,"column":2},"end":{"line":85,"column":24}},"42":{"start":{"line":88,"column":15},"end":{"line":88,"column":29}},"43":{"start":{"line":89,"column":0},"end":{"line":89,"column":30}}},"fnMap":{"0":{"name":"_interopRequireDefault","decl":{"start":{"line":12,"column":9},"end":{"line":12,"column":31}},"loc":{"start":{"line":12,"column":37},"end":{"line":12,"column":97}},"line":12},"1":{"name":"_classCallCheck","decl":{"start":{"line":14,"column":9},"end":{"line":14,"column":24}},"loc":{"start":{"line":14,"column":48},"end":{"line":14,"column":153}},"line":14},"2":{"name":"_defineProperties","decl":{"start":{"line":16,"column":9},"end":{"line":16,"column":26}},"loc":{"start":{"line":16,"column":42},"end":{"line":16,"column":317}},"line":16},"3":{"name":"_createClass","decl":{"start":{"line":18,"column":9},"end":{"line":18,"column":21}},"loc":{"start":{"line":18,"column":60},"end":{"line":18,"column":215}},"line":18},"4":{"name":"(anonymous_4)","decl":{"start":{"line":22,"column":0},"end":{"line":22,"column":1}},"loc":{"start":{"line":22,"column":12},"end":{"line":86,"column":1}},"line":22},"5":{"name":"userController","decl":{"start":{"line":23,"column":11},"end":{"line":23,"column":25}},"loc":{"start":{"line":23,"column":28},"end":{"line":25,"column":3}},"line":23},"6":{"name":"userSignup","decl":{"start":{"line":29,"column":20},"end":{"line":29,"column":30}},"loc":{"start":{"line":29,"column":41},"end":{"line":48,"column":5}},"line":29},"7":{"name":"loginUser","decl":{"start":{"line":51,"column":20},"end":{"line":51,"column":29}},"loc":{"start":{"line":51,"column":40},"end":{"line":82,"column":5}},"line":51}},"branchMap":{"0":{"loc":{"start":{"line":12,"column":46},"end":{"line":12,"column":94}},"type":"cond-expr","locations":[{"start":{"line":12,"column":70},"end":{"line":12,"column":73}},{"start":{"line":12,"column":76},"end":{"line":12,"column":94}}],"line":12},"1":{"loc":{"start":{"line":12,"column":46},"end":{"line":12,"column":67}},"type":"binary-expr","locations":[{"start":{"line":12,"column":46},"end":{"line":12,"column":49}},{"start":{"line":12,"column":53},"end":{"line":12,"column":67}}],"line":12},"2":{"loc":{"start":{"line":14,"column":50},"end":{"line":14,"column":151}},"type":"if","locations":[{"start":{"line":14,"column":50},"end":{"line":14,"column":151}},{"start":{"line":14,"column":50},"end":{"line":14,"column":151}}],"line":14},"3":{"loc":{"start":{"line":16,"column":136},"end":{"line":16,"column":166}},"type":"binary-expr","locations":[{"start":{"line":16,"column":136},"end":{"line":16,"column":157}},{"start":{"line":16,"column":161},"end":{"line":16,"column":166}}],"line":16},"4":{"loc":{"start":{"line":16,"column":200},"end":{"line":16,"column":254}},"type":"if","locations":[{"start":{"line":16,"column":200},"end":{"line":16,"column":254}},{"start":{"line":16,"column":200},"end":{"line":16,"column":254}}],"line":16},"5":{"loc":{"start":{"line":18,"column":62},"end":{"line":18,"column":131}},"type":"if","locations":[{"start":{"line":18,"column":62},"end":{"line":18,"column":131}},{"start":{"line":18,"column":62},"end":{"line":18,"column":131}}],"line":18},"6":{"loc":{"start":{"line":18,"column":132},"end":{"line":18,"column":193}},"type":"if","locations":[{"start":{"line":18,"column":132},"end":{"line":18,"column":193}},{"start":{"line":18,"column":132},"end":{"line":18,"column":193}}],"line":18},"7":{"loc":{"start":{"line":33,"column":6},"end":{"line":38,"column":7}},"type":"if","locations":[{"start":{"line":33,"column":6},"end":{"line":38,"column":7}},{"start":{"line":33,"column":6},"end":{"line":38,"column":7}}],"line":33},"8":{"loc":{"start":{"line":55,"column":6},"end":{"line":60,"column":7}},"type":"if","locations":[{"start":{"line":55,"column":6},"end":{"line":60,"column":7}},{"start":{"line":55,"column":6},"end":{"line":60,"column":7}}],"line":55},"9":{"loc":{"start":{"line":64,"column":6},"end":{"line":69,"column":7}},"type":"if","locations":[{"start":{"line":64,"column":6},"end":{"line":69,"column":7}},{"start":{"line":64,"column":6},"end":{"line":69,"column":7}}],"line":64}},"s":{"0":1,"1":1,"2":1,"3":1,"4":1,"5":0,"6":0,"7":1,"8":1,"9":2,"10":2,"11":2,"12":2,"13":2,"14":2,"15":1,"16":0,"17":1,"18":1,"19":1,"20":1,"21":0,"22":1,"23":0,"24":0,"25":0,"26":0,"27":0,"28":0,"29":0,"30":0,"31":0,"32":0,"33":0,"34":0,"35":0,"36":0,"37":0,"38":0,"39":0,"40":0,"41":1,"42":1,"43":1},"f":{"0":1,"1":0,"2":1,"3":1,"4":1,"5":0,"6":0,"7":0},"b":{"0":[1,0],"1":[1,1],"2":[0,0],"3":[2,2],"4":[2,0],"5":[0,1],"6":[1,0],"7":[0,0],"8":[0,0],"9":[0,0]},"_coverageSchema":"43e27e138ebf9cfc5966b082cf9a028302ed4184","hash":"816a0628fe47758802f625ef80034acdc2244c44","contentHash":"1b6dad27055efb1d8a11f161f4418ca3dcb3ab4769f9f08688828b20653922f3"},"C:\\Users\\UCHE\\Desktop\\projects\\property-pro\\property-pro\\server\\helpers\\userHelper.js":{"path":"C:\\Users\\UCHE\\Desktop\\projects\\property-pro\\property-pro\\server\\helpers\\userHelper.js","statementMap":{"0":{"start":{"line":3,"column":0},"end":{"line":5,"column":3}},"1":{"start":{"line":6,"column":0},"end":{"line":6,"column":50}},"2":{"start":{"line":8,"column":12},"end":{"line":8,"column":61}},"3":{"start":{"line":10,"column":39},"end":{"line":10,"column":95}},"4":{"start":{"line":12,"column":13},"end":{"line":28,"column":1}},"5":{"start":{"line":13,"column":22},"end":{"line":13,"column":63}},"6":{"start":{"line":14,"column":16},"end":{"line":23,"column":3}},"7":{"start":{"line":25,"column":2},"end":{"line":25,"column":33}},"8":{"start":{"line":27,"column":2},"end":{"line":27,"column":17}},"9":{"start":{"line":30,"column":0},"end":{"line":30,"column":24}},"10":{"start":{"line":32,"column":22},"end":{"line":38,"column":1}},"11":{"start":{"line":33,"column":21},"end":{"line":35,"column":4}},"12":{"start":{"line":34,"column":4},"end":{"line":34,"column":32}},"13":{"start":{"line":37,"column":2},"end":{"line":37,"column":22}},"14":{"start":{"line":40,"column":0},"end":{"line":40,"column":42}}},"fnMap":{"0":{"name":"_interopRequireDefault","decl":{"start":{"line":10,"column":9},"end":{"line":10,"column":31}},"loc":{"start":{"line":10,"column":37},"end":{"line":10,"column":97}},"line":10},"1":{"name":"signUp","decl":{"start":{"line":12,"column":22},"end":{"line":12,"column":28}},"loc":{"start":{"line":12,"column":35},"end":{"line":28,"column":1}},"line":12},"2":{"name":"getSpecificUser","decl":{"start":{"line":32,"column":31},"end":{"line":32,"column":46}},"loc":{"start":{"line":32,"column":54},"end":{"line":38,"column":1}},"line":32},"3":{"name":"(anonymous_3)","decl":{"start":{"line":33,"column":43},"end":{"line":33,"column":44}},"loc":{"start":{"line":33,"column":59},"end":{"line":35,"column":3}},"line":33}},"branchMap":{"0":{"loc":{"start":{"line":10,"column":46},"end":{"line":10,"column":94}},"type":"cond-expr","locations":[{"start":{"line":10,"column":70},"end":{"line":10,"column":73}},{"start":{"line":10,"column":76},"end":{"line":10,"column":94}}],"line":10},"1":{"loc":{"start":{"line":10,"column":46},"end":{"line":10,"column":67}},"type":"binary-expr","locations":[{"start":{"line":10,"column":46},"end":{"line":10,"column":49}},{"start":{"line":10,"column":53},"end":{"line":10,"column":67}}],"line":10}},"s":{"0":1,"1":1,"2":1,"3":1,"4":1,"5":0,"6":0,"7":0,"8":0,"9":1,"10":1,"11":0,"12":0,"13":0,"14":1},"f":{"0":1,"1":0,"2":0,"3":0},"b":{"0":[1,0],"1":[1,1]},"_coverageSchema":"43e27e138ebf9cfc5966b082cf9a028302ed4184","hash":"90ccd2e41dd8e76a9abb6b52c8daa00e688493c6","contentHash":"506ebfe1ef9e3ecc6c825fc4efab5c2cf579585ef3530fea8f6592d11aaf78c6"},"C:\\Users\\UCHE\\Desktop\\projects\\property-pro\\property-pro\\server\\middleware\\helper.js":{"path":"C:\\Users\\UCHE\\Desktop\\projects\\property-pro\\property-pro\\server\\middleware\\helper.js","statementMap":{"0":{"start":{"line":3,"column":0},"end":{"line":5,"column":3}},"1":{"start":{"line":6,"column":0},"end":{"line":6,"column":28}},"2":{"start":{"line":8,"column":14},"end":{"line":8,"column":78}},"3":{"start":{"line":10,"column":20},"end":{"line":10,"column":83}},"4":{"start":{"line":12,"column":39},"end":{"line":12,"column":95}},"5":{"start":{"line":14,"column":50},"end":{"line":14,"column":151}},"6":{"start":{"line":14,"column":92},"end":{"line":14,"column":149}},"7":{"start":{"line":16,"column":44},"end":{"line":16,"column":315}},"8":{"start":{"line":16,"column":57},"end":{"line":16,"column":58}},"9":{"start":{"line":16,"column":102},"end":{"line":16,"column":110}},"10":{"start":{"line":16,"column":112},"end":{"line":16,"column":167}},"11":{"start":{"line":16,"column":168},"end":{"line":16,"column":199}},"12":{"start":{"line":16,"column":200},"end":{"line":16,"column":254}},"13":{"start":{"line":16,"column":227},"end":{"line":16,"column":254}},"14":{"start":{"line":16,"column":255},"end":{"line":16,"column":313}},"15":{"start":{"line":18,"column":62},"end":{"line":18,"column":131}},"16":{"start":{"line":18,"column":78},"end":{"line":18,"column":131}},"17":{"start":{"line":18,"column":132},"end":{"line":18,"column":193}},"18":{"start":{"line":18,"column":149},"end":{"line":18,"column":193}},"19":{"start":{"line":18,"column":194},"end":{"line":18,"column":213}},"20":{"start":{"line":25,"column":0},"end":{"line":64,"column":3}},"21":{"start":{"line":27,"column":4},"end":{"line":27,"column":34}},"22":{"start":{"line":30,"column":2},"end":{"line":61,"column":6}},"23":{"start":{"line":33,"column":23},"end":{"line":33,"column":57}},"24":{"start":{"line":35,"column":6},"end":{"line":35,"column":63}},"25":{"start":{"line":40,"column":6},"end":{"line":40,"column":68}},"26":{"start":{"line":58,"column":18},"end":{"line":58,"column":59}},"27":{"start":{"line":59,"column":6},"end":{"line":59,"column":19}},"28":{"start":{"line":63,"column":2},"end":{"line":63,"column":16}},"29":{"start":{"line":66,"column":15},"end":{"line":66,"column":21}},"30":{"start":{"line":67,"column":0},"end":{"line":67,"column":30}}},"fnMap":{"0":{"name":"_interopRequireDefault","decl":{"start":{"line":12,"column":9},"end":{"line":12,"column":31}},"loc":{"start":{"line":12,"column":37},"end":{"line":12,"column":97}},"line":12},"1":{"name":"_classCallCheck","decl":{"start":{"line":14,"column":9},"end":{"line":14,"column":24}},"loc":{"start":{"line":14,"column":48},"end":{"line":14,"column":153}},"line":14},"2":{"name":"_defineProperties","decl":{"start":{"line":16,"column":9},"end":{"line":16,"column":26}},"loc":{"start":{"line":16,"column":42},"end":{"line":16,"column":317}},"line":16},"3":{"name":"_createClass","decl":{"start":{"line":18,"column":9},"end":{"line":18,"column":21}},"loc":{"start":{"line":18,"column":60},"end":{"line":18,"column":215}},"line":18},"4":{"name":"(anonymous_4)","decl":{"start":{"line":25,"column":0},"end":{"line":25,"column":1}},"loc":{"start":{"line":25,"column":12},"end":{"line":64,"column":1}},"line":25},"5":{"name":"Helper","decl":{"start":{"line":26,"column":11},"end":{"line":26,"column":17}},"loc":{"start":{"line":26,"column":20},"end":{"line":28,"column":3}},"line":26},"6":{"name":"hashPassword","decl":{"start":{"line":32,"column":20},"end":{"line":32,"column":32}},"loc":{"start":{"line":32,"column":43},"end":{"line":36,"column":5}},"line":32},"7":{"name":"comparePassword","decl":{"start":{"line":39,"column":20},"end":{"line":39,"column":35}},"loc":{"start":{"line":39,"column":60},"end":{"line":41,"column":5}},"line":39},"8":{"name":"generateToken","decl":{"start":{"line":57,"column":20},"end":{"line":57,"column":33}},"loc":{"start":{"line":57,"column":36},"end":{"line":60,"column":5}},"line":57}},"branchMap":{"0":{"loc":{"start":{"line":12,"column":46},"end":{"line":12,"column":94}},"type":"cond-expr","locations":[{"start":{"line":12,"column":70},"end":{"line":12,"column":73}},{"start":{"line":12,"column":76},"end":{"line":12,"column":94}}],"line":12},"1":{"loc":{"start":{"line":12,"column":46},"end":{"line":12,"column":67}},"type":"binary-expr","locations":[{"start":{"line":12,"column":46},"end":{"line":12,"column":49}},{"start":{"line":12,"column":53},"end":{"line":12,"column":67}}],"line":12},"2":{"loc":{"start":{"line":14,"column":50},"end":{"line":14,"column":151}},"type":"if","locations":[{"start":{"line":14,"column":50},"end":{"line":14,"column":151}},{"start":{"line":14,"column":50},"end":{"line":14,"column":151}}],"line":14},"3":{"loc":{"start":{"line":16,"column":136},"end":{"line":16,"column":166}},"type":"binary-expr","locations":[{"start":{"line":16,"column":136},"end":{"line":16,"column":157}},{"start":{"line":16,"column":161},"end":{"line":16,"column":166}}],"line":16},"4":{"loc":{"start":{"line":16,"column":200},"end":{"line":16,"column":254}},"type":"if","locations":[{"start":{"line":16,"column":200},"end":{"line":16,"column":254}},{"start":{"line":16,"column":200},"end":{"line":16,"column":254}}],"line":16},"5":{"loc":{"start":{"line":18,"column":62},"end":{"line":18,"column":131}},"type":"if","locations":[{"start":{"line":18,"column":62},"end":{"line":18,"column":131}},{"start":{"line":18,"column":62},"end":{"line":18,"column":131}}],"line":18},"6":{"loc":{"start":{"line":18,"column":132},"end":{"line":18,"column":193}},"type":"if","locations":[{"start":{"line":18,"column":132},"end":{"line":18,"column":193}},{"start":{"line":18,"column":132},"end":{"line":18,"column":193}}],"line":18}},"s":{"0":1,"1":1,"2":1,"3":1,"4":2,"5":0,"6":0,"7":1,"8":1,"9":3,"10":3,"11":3,"12":3,"13":3,"14":3,"15":1,"16":0,"17":1,"18":1,"19":1,"20":1,"21":0,"22":1,"23":0,"24":0,"25":0,"26":0,"27":0,"28":1,"29":1,"30":1},"f":{"0":2,"1":0,"2":1,"3":1,"4":1,"5":0,"6":0,"7":0,"8":0},"b":{"0":[0,2],"1":[2,2],"2":[0,0],"3":[3,3],"4":[3,0],"5":[0,1],"6":[1,0]},"_coverageSchema":"43e27e138ebf9cfc5966b082cf9a028302ed4184","hash":"08d33d262b437f0f4a736fe4a6aafe23dfc62d66","contentHash":"dc608ba2270073020ec22701a1c5ebb34e189d4784b94c76009db622b0480854"},"C:\\Users\\UCHE\\Desktop\\projects\\property-pro\\property-pro\\server\\middleware\\userValidation.js":{"path":"C:\\Users\\UCHE\\Desktop\\projects\\property-pro\\property-pro\\server\\middleware\\userValidation.js","statementMap":{"0":{"start":{"line":3,"column":0},"end":{"line":5,"column":3}},"1":{"start":{"line":6,"column":0},"end":{"line":6,"column":59}},"2":{"start":{"line":8,"column":50},"end":{"line":8,"column":151}},"3":{"start":{"line":8,"column":92},"end":{"line":8,"column":149}},"4":{"start":{"line":10,"column":44},"end":{"line":10,"column":315}},"5":{"start":{"line":10,"column":57},"end":{"line":10,"column":58}},"6":{"start":{"line":10,"column":102},"end":{"line":10,"column":110}},"7":{"start":{"line":10,"column":112},"end":{"line":10,"column":167}},"8":{"start":{"line":10,"column":168},"end":{"line":10,"column":199}},"9":{"start":{"line":10,"column":200},"end":{"line":10,"column":254}},"10":{"start":{"line":10,"column":227},"end":{"line":10,"column":254}},"11":{"start":{"line":10,"column":255},"end":{"line":10,"column":313}},"12":{"start":{"line":12,"column":62},"end":{"line":12,"column":131}},"13":{"start":{"line":12,"column":78},"end":{"line":12,"column":131}},"14":{"start":{"line":12,"column":132},"end":{"line":12,"column":193}},"15":{"start":{"line":12,"column":149},"end":{"line":12,"column":193}},"16":{"start":{"line":12,"column":194},"end":{"line":12,"column":213}},"17":{"start":{"line":16,"column":0},"end":{"line":192,"column":3}},"18":{"start":{"line":18,"column":4},"end":{"line":18,"column":42}},"19":{"start":{"line":21,"column":2},"end":{"line":189,"column":6}},"20":{"start":{"line":24,"column":22},"end":{"line":24,"column":30}},"21":{"start":{"line":25,"column":22},"end":{"line":25,"column":41}},"22":{"start":{"line":26,"column":21},"end":{"line":26,"column":39}},"23":{"start":{"line":27,"column":18},"end":{"line":27,"column":33}},"24":{"start":{"line":28,"column":20},"end":{"line":28,"column":37}},"25":{"start":{"line":29,"column":21},"end":{"line":29,"column":39}},"26":{"start":{"line":31,"column":6},"end":{"line":36,"column":7}},"27":{"start":{"line":32,"column":8},"end":{"line":35,"column":11}},"28":{"start":{"line":38,"column":6},"end":{"line":43,"column":7}},"29":{"start":{"line":39,"column":8},"end":{"line":42,"column":11}},"30":{"start":{"line":45,"column":6},"end":{"line":50,"column":7}},"31":{"start":{"line":46,"column":8},"end":{"line":49,"column":11}},"32":{"start":{"line":53,"column":6},"end":{"line":58,"column":7}},"33":{"start":{"line":54,"column":8},"end":{"line":57,"column":11}},"34":{"start":{"line":60,"column":6},"end":{"line":65,"column":7}},"35":{"start":{"line":61,"column":8},"end":{"line":64,"column":11}},"36":{"start":{"line":67,"column":6},"end":{"line":72,"column":7}},"37":{"start":{"line":68,"column":8},"end":{"line":71,"column":11}},"38":{"start":{"line":75,"column":6},"end":{"line":80,"column":7}},"39":{"start":{"line":76,"column":8},"end":{"line":79,"column":11}},"40":{"start":{"line":82,"column":6},"end":{"line":87,"column":7}},"41":{"start":{"line":83,"column":8},"end":{"line":86,"column":11}},"42":{"start":{"line":89,"column":6},"end":{"line":94,"column":7}},"43":{"start":{"line":90,"column":8},"end":{"line":93,"column":11}},"44":{"start":{"line":98,"column":6},"end":{"line":103,"column":7}},"45":{"start":{"line":99,"column":8},"end":{"line":102,"column":11}},"46":{"start":{"line":105,"column":6},"end":{"line":110,"column":7}},"47":{"start":{"line":106,"column":8},"end":{"line":109,"column":11}},"48":{"start":{"line":112,"column":6},"end":{"line":117,"column":7}},"49":{"start":{"line":113,"column":8},"end":{"line":116,"column":11}},"50":{"start":{"line":119,"column":6},"end":{"line":124,"column":7}},"51":{"start":{"line":120,"column":8},"end":{"line":123,"column":11}},"52":{"start":{"line":127,"column":6},"end":{"line":132,"column":7}},"53":{"start":{"line":128,"column":8},"end":{"line":131,"column":11}},"54":{"start":{"line":134,"column":6},"end":{"line":139,"column":7}},"55":{"start":{"line":135,"column":8},"end":{"line":138,"column":11}},"56":{"start":{"line":141,"column":6},"end":{"line":141,"column":20}},"57":{"start":{"line":146,"column":23},"end":{"line":146,"column":31}},"58":{"start":{"line":147,"column":18},"end":{"line":147,"column":34}},"59":{"start":{"line":148,"column":21},"end":{"line":148,"column":40}},"60":{"start":{"line":150,"column":6},"end":{"line":155,"column":7}},"61":{"start":{"line":151,"column":8},"end":{"line":154,"column":11}},"62":{"start":{"line":157,"column":6},"end":{"line":162,"column":7}},"63":{"start":{"line":158,"column":8},"end":{"line":161,"column":11}},"64":{"start":{"line":164,"column":28},"end":{"line":164,"column":73}},"65":{"start":{"line":166,"column":6},"end":{"line":171,"column":7}},"66":{"start":{"line":167,"column":8},"end":{"line":170,"column":11}},"67":{"start":{"line":173,"column":6},"end":{"line":178,"column":7}},"68":{"start":{"line":174,"column":8},"end":{"line":177,"column":11}},"69":{"start":{"line":180,"column":6},"end":{"line":185,"column":7}},"70":{"start":{"line":181,"column":8},"end":{"line":184,"column":11}},"71":{"start":{"line":187,"column":6},"end":{"line":187,"column":20}},"72":{"start":{"line":191,"column":2},"end":{"line":191,"column":24}},"73":{"start":{"line":194,"column":22},"end":{"line":194,"column":52}},"74":{"start":{"line":195,"column":22},"end":{"line":195,"column":52}},"75":{"start":{"line":196,"column":0},"end":{"line":196,"column":42}},"76":{"start":{"line":197,"column":0},"end":{"line":197,"column":42}}},"fnMap":{"0":{"name":"_classCallCheck","decl":{"start":{"line":8,"column":9},"end":{"line":8,"column":24}},"loc":{"start":{"line":8,"column":48},"end":{"line":8,"column":153}},"line":8},"1":{"name":"_defineProperties","decl":{"start":{"line":10,"column":9},"end":{"line":10,"column":26}},"loc":{"start":{"line":10,"column":42},"end":{"line":10,"column":317}},"line":10},"2":{"name":"_createClass","decl":{"start":{"line":12,"column":9},"end":{"line":12,"column":21}},"loc":{"start":{"line":12,"column":60},"end":{"line":12,"column":215}},"line":12},"3":{"name":"(anonymous_3)","decl":{"start":{"line":16,"column":0},"end":{"line":16,"column":1}},"loc":{"start":{"line":16,"column":12},"end":{"line":192,"column":1}},"line":16},"4":{"name":"UserValidators","decl":{"start":{"line":17,"column":11},"end":{"line":17,"column":25}},"loc":{"start":{"line":17,"column":28},"end":{"line":19,"column":3}},"line":17},"5":{"name":"signupValidator","decl":{"start":{"line":23,"column":20},"end":{"line":23,"column":35}},"loc":{"start":{"line":23,"column":52},"end":{"line":142,"column":5}},"line":23},"6":{"name":"signinValidator","decl":{"start":{"line":145,"column":20},"end":{"line":145,"column":35}},"loc":{"start":{"line":145,"column":52},"end":{"line":188,"column":5}},"line":145}},"branchMap":{"0":{"loc":{"start":{"line":8,"column":50},"end":{"line":8,"column":151}},"type":"if","locations":[{"start":{"line":8,"column":50},"end":{"line":8,"column":151}},{"start":{"line":8,"column":50},"end":{"line":8,"column":151}}],"line":8},"1":{"loc":{"start":{"line":10,"column":136},"end":{"line":10,"column":166}},"type":"binary-expr","locations":[{"start":{"line":10,"column":136},"end":{"line":10,"column":157}},{"start":{"line":10,"column":161},"end":{"line":10,"column":166}}],"line":10},"2":{"loc":{"start":{"line":10,"column":200},"end":{"line":10,"column":254}},"type":"if","locations":[{"start":{"line":10,"column":200},"end":{"line":10,"column":254}},{"start":{"line":10,"column":200},"end":{"line":10,"column":254}}],"line":10},"3":{"loc":{"start":{"line":12,"column":62},"end":{"line":12,"column":131}},"type":"if","locations":[{"start":{"line":12,"column":62},"end":{"line":12,"column":131}},{"start":{"line":12,"column":62},"end":{"line":12,"column":131}}],"line":12},"4":{"loc":{"start":{"line":12,"column":132},"end":{"line":12,"column":193}},"type":"if","locations":[{"start":{"line":12,"column":132},"end":{"line":12,"column":193}},{"start":{"line":12,"column":132},"end":{"line":12,"column":193}}],"line":12},"5":{"loc":{"start":{"line":31,"column":6},"end":{"line":36,"column":7}},"type":"if","locations":[{"start":{"line":31,"column":6},"end":{"line":36,"column":7}},{"start":{"line":31,"column":6},"end":{"line":36,"column":7}}],"line":31},"6":{"loc":{"start":{"line":38,"column":6},"end":{"line":43,"column":7}},"type":"if","locations":[{"start":{"line":38,"column":6},"end":{"line":43,"column":7}},{"start":{"line":38,"column":6},"end":{"line":43,"column":7}}],"line":38},"7":{"loc":{"start":{"line":45,"column":6},"end":{"line":50,"column":7}},"type":"if","locations":[{"start":{"line":45,"column":6},"end":{"line":50,"column":7}},{"start":{"line":45,"column":6},"end":{"line":50,"column":7}}],"line":45},"8":{"loc":{"start":{"line":53,"column":6},"end":{"line":58,"column":7}},"type":"if","locations":[{"start":{"line":53,"column":6},"end":{"line":58,"column":7}},{"start":{"line":53,"column":6},"end":{"line":58,"column":7}}],"line":53},"9":{"loc":{"start":{"line":60,"column":6},"end":{"line":65,"column":7}},"type":"if","locations":[{"start":{"line":60,"column":6},"end":{"line":65,"column":7}},{"start":{"line":60,"column":6},"end":{"line":65,"column":7}}],"line":60},"10":{"loc":{"start":{"line":67,"column":6},"end":{"line":72,"column":7}},"type":"if","locations":[{"start":{"line":67,"column":6},"end":{"line":72,"column":7}},{"start":{"line":67,"column":6},"end":{"line":72,"column":7}}],"line":67},"11":{"loc":{"start":{"line":75,"column":6},"end":{"line":80,"column":7}},"type":"if","locations":[{"start":{"line":75,"column":6},"end":{"line":80,"column":7}},{"start":{"line":75,"column":6},"end":{"line":80,"column":7}}],"line":75},"12":{"loc":{"start":{"line":82,"column":6},"end":{"line":87,"column":7}},"type":"if","locations":[{"start":{"line":82,"column":6},"end":{"line":87,"column":7}},{"start":{"line":82,"column":6},"end":{"line":87,"column":7}}],"line":82},"13":{"loc":{"start":{"line":89,"column":6},"end":{"line":94,"column":7}},"type":"if","locations":[{"start":{"line":89,"column":6},"end":{"line":94,"column":7}},{"start":{"line":89,"column":6},"end":{"line":94,"column":7}}],"line":89},"14":{"loc":{"start":{"line":98,"column":6},"end":{"line":103,"column":7}},"type":"if","locations":[{"start":{"line":98,"column":6},"end":{"line":103,"column":7}},{"start":{"line":98,"column":6},"end":{"line":103,"column":7}}],"line":98},"15":{"loc":{"start":{"line":105,"column":6},"end":{"line":110,"column":7}},"type":"if","locations":[{"start":{"line":105,"column":6},"end":{"line":110,"column":7}},{"start":{"line":105,"column":6},"end":{"line":110,"column":7}}],"line":105},"16":{"loc":{"start":{"line":112,"column":6},"end":{"line":117,"column":7}},"type":"if","locations":[{"start":{"line":112,"column":6},"end":{"line":117,"column":7}},{"start":{"line":112,"column":6},"end":{"line":117,"column":7}}],"line":112},"17":{"loc":{"start":{"line":119,"column":6},"end":{"line":124,"column":7}},"type":"if","locations":[{"start":{"line":119,"column":6},"end":{"line":124,"column":7}},{"start":{"line":119,"column":6},"end":{"line":124,"column":7}}],"line":119},"18":{"loc":{"start":{"line":119,"column":10},"end":{"line":119,"column":53}},"type":"binary-expr","locations":[{"start":{"line":119,"column":10},"end":{"line":119,"column":29}},{"start":{"line":119,"column":33},"end":{"line":119,"column":53}}],"line":119},"19":{"loc":{"start":{"line":127,"column":6},"end":{"line":132,"column":7}},"type":"if","locations":[{"start":{"line":127,"column":6},"end":{"line":132,"column":7}},{"start":{"line":127,"column":6},"end":{"line":132,"column":7}}],"line":127},"20":{"loc":{"start":{"line":134,"column":6},"end":{"line":139,"column":7}},"type":"if","locations":[{"start":{"line":134,"column":6},"end":{"line":139,"column":7}},{"start":{"line":134,"column":6},"end":{"line":139,"column":7}}],"line":134},"21":{"loc":{"start":{"line":150,"column":6},"end":{"line":155,"column":7}},"type":"if","locations":[{"start":{"line":150,"column":6},"end":{"line":155,"column":7}},{"start":{"line":150,"column":6},"end":{"line":155,"column":7}}],"line":150},"22":{"loc":{"start":{"line":157,"column":6},"end":{"line":162,"column":7}},"type":"if","locations":[{"start":{"line":157,"column":6},"end":{"line":162,"column":7}},{"start":{"line":157,"column":6},"end":{"line":162,"column":7}}],"line":157},"23":{"loc":{"start":{"line":166,"column":6},"end":{"line":171,"column":7}},"type":"if","locations":[{"start":{"line":166,"column":6},"end":{"line":171,"column":7}},{"start":{"line":166,"column":6},"end":{"line":171,"column":7}}],"line":166},"24":{"loc":{"start":{"line":173,"column":6},"end":{"line":178,"column":7}},"type":"if","locations":[{"start":{"line":173,"column":6},"end":{"line":178,"column":7}},{"start":{"line":173,"column":6},"end":{"line":178,"column":7}}],"line":173},"25":{"loc":{"start":{"line":180,"column":6},"end":{"line":185,"column":7}},"type":"if","locations":[{"start":{"line":180,"column":6},"end":{"line":185,"column":7}},{"start":{"line":180,"column":6},"end":{"line":185,"column":7}}],"line":180}},"s":{"0":1,"1":1,"2":0,"3":0,"4":1,"5":1,"6":2,"7":2,"8":2,"9":2,"10":2,"11":2,"12":1,"13":0,"14":1,"15":1,"16":1,"17":1,"18":0,"19":1,"20":10,"21":10,"22":10,"23":10,"24":10,"25":10,"26":10,"27":1,"28":9,"29":1,"30":8,"31":0,"32":8,"33":1,"34":7,"35":1,"36":6,"37":1,"38":5,"39":1,"40":4,"41":0,"42":4,"43":1,"44":3,"45":1,"46":2,"47":1,"48":1,"49":0,"50":1,"51":1,"52":0,"53":0,"54":0,"55":0,"56":0,"57":4,"58":4,"59":4,"60":4,"61":1,"62":3,"63":1,"64":2,"65":2,"66":0,"67":2,"68":1,"69":1,"70":1,"71":0,"72":1,"73":1,"74":1,"75":1,"76":1},"f":{"0":0,"1":1,"2":1,"3":1,"4":0,"5":10,"6":4},"b":{"0":[0,0],"1":[2,2],"2":[2,0],"3":[0,1],"4":[1,0],"5":[1,9],"6":[1,8],"7":[0,8],"8":[1,7],"9":[1,6],"10":[1,5],"11":[1,4],"12":[0,4],"13":[1,3],"14":[1,2],"15":[1,1],"16":[0,1],"17":[1,0],"18":[1,0],"19":[0,0],"20":[0,0],"21":[1,3],"22":[1,2],"23":[0,2],"24":[1,1],"25":[1,0]},"_coverageSchema":"43e27e138ebf9cfc5966b082cf9a028302ed4184","hash":"13fd44889848b88d4ece8441b3bafca52307d4fb","contentHash":"afaf8748901145caa2c3220ab088dac79af1c904bbfd459d8c09c65cf4ef6810"},"C:\\Users\\UCHE\\Desktop\\projects\\property-pro\\property-pro\\server\\routes\\flags.js":{"path":"C:\\Users\\UCHE\\Desktop\\projects\\property-pro\\property-pro\\server\\routes\\flags.js","statementMap":{"0":{"start":{"line":3,"column":0},"end":{"line":5,"column":3}},"1":{"start":{"line":6,"column":0},"end":{"line":6,"column":28}},"2":{"start":{"line":8,"column":15},"end":{"line":8,"column":73}},"3":{"start":{"line":10,"column":22},"end":{"line":10,"column":86}},"4":{"start":{"line":12,"column":22},"end":{"line":12,"column":85}},"5":{"start":{"line":14,"column":17},"end":{"line":14,"column":75}},"6":{"start":{"line":16,"column":39},"end":{"line":16,"column":95}},"7":{"start":{"line":18,"column":13},"end":{"line":18,"column":41}},"8":{"start":{"line":20,"column":13},"end":{"line":20,"column":46}},"9":{"start":{"line":21,"column":18},"end":{"line":21,"column":56}},"10":{"start":{"line":22,"column":14},"end":{"line":22,"column":48}},"11":{"start":{"line":23,"column":0},"end":{"line":23,"column":53}},"12":{"start":{"line":24,"column":0},"end":{"line":24,"column":29}},"13":{"start":{"line":25,"column":0},"end":{"line":25,"column":33}},"14":{"start":{"line":26,"column":15},"end":{"line":26,"column":21}},"15":{"start":{"line":27,"column":0},"end":{"line":27,"column":30}}},"fnMap":{"0":{"name":"_interopRequireDefault","decl":{"start":{"line":16,"column":9},"end":{"line":16,"column":31}},"loc":{"start":{"line":16,"column":37},"end":{"line":16,"column":97}},"line":16}},"branchMap":{"0":{"loc":{"start":{"line":16,"column":46},"end":{"line":16,"column":94}},"type":"cond-expr","locations":[{"start":{"line":16,"column":70},"end":{"line":16,"column":73}},{"start":{"line":16,"column":76},"end":{"line":16,"column":94}}],"line":16},"1":{"loc":{"start":{"line":16,"column":46},"end":{"line":16,"column":67}},"type":"binary-expr","locations":[{"start":{"line":16,"column":46},"end":{"line":16,"column":49}},{"start":{"line":16,"column":53},"end":{"line":16,"column":67}}],"line":16}},"s":{"0":1,"1":1,"2":1,"3":1,"4":1,"5":1,"6":4,"7":1,"8":1,"9":1,"10":1,"11":1,"12":1,"13":1,"14":1,"15":1},"f":{"0":4},"b":{"0":[3,1],"1":[4,4]},"_coverageSchema":"43e27e138ebf9cfc5966b082cf9a028302ed4184","hash":"cf80b1f3a5ff50301fb612e3107067c328e301aa","contentHash":"20359ef016ed1af22340a929d6034a7432b405c123cc74134f4d93cad42c696a"},"C:\\Users\\UCHE\\Desktop\\projects\\property-pro\\property-pro\\server\\controllers\\FlagController.js":{"path":"C:\\Users\\UCHE\\Desktop\\projects\\property-pro\\property-pro\\server\\controllers\\FlagController.js","statementMap":{"0":{"start":{"line":3,"column":0},"end":{"line":5,"column":3}},"1":{"start":{"line":6,"column":0},"end":{"line":6,"column":28}},"2":{"start":{"line":8,"column":2
[...]
"34":{"start":{"line":67,"column":6},"end":{"line":71,"column":9}},"35":{"start":{"line":76,"column":17},"end":{"line":76,"column":72}},"36":{"start":{"line":78,"column":6},"end":{"line":83,"column":7}},"37":{"start":{"line":79,"column":8},"end":{"line":82,"column":11}},"38":{"start":{"line":85,"column":6},"end":{"line":89,"column":9}},"39":{"start":{"line":93,"column":2},"end":{"line":93,"column":24}},"40":{"start":{"line":96,"column":15},"end":{"line":96,"column":29}},"41":{"start":{"line":97,"column":0},"end":{"line":97,"column":30}}},"fnMap":{"0":{"name":"_interopRequireDefault","decl":{"start":{"line":12,"column":9},"end":{"line":12,"column":31}},"loc":{"start":{"line":12,"column":37},"end":{"line":12,"column":97}},"line":12},"1":{"name":"_classCallCheck","decl":{"start":{"line":14,"column":9},"end":{"line":14,"column":24}},"loc":{"start":{"line":14,"column":48},"end":{"line":14,"column":153}},"line":14},"2":{"name":"_defineProperties","decl":{"start":{"line":16,"column":9},"end":{"line":16,"column":26}},"loc":{"start":{"line":16,"column":42},"end":{"line":16,"column":317}},"line":16},"3":{"name":"_createClass","decl":{"start":{"line":18,"column":9},"end":{"line":18,"column":21}},"loc":{"start":{"line":18,"column":60},"end":{"line":18,"column":215}},"line":18},"4":{"name":"(anonymous_4)","decl":{"start":{"line":22,"column":0},"end":{"line":22,"column":1}},"loc":{"start":{"line":22,"column":12},"end":{"line":94,"column":1}},"line":22},"5":{"name":"flagController","decl":{"start":{"line":23,"column":11},"end":{"line":23,"column":25}},"loc":{"start":{"line":23,"column":28},"end":{"line":25,"column":3}},"line":23},"6":{"name":"flagAd","decl":{"start":{"line":29,"column":20},"end":{"line":29,"column":26}},"loc":{"start":{"line":29,"column":37},"end":{"line":54,"column":5}},"line":29},"7":{"name":"getAllFlags","decl":{"start":{"line":57,"column":20},"end":{"line":57,"column":31}},"loc":{"start":{"line":57,"column":42},"end":{"line":72,"column":5}},"line":57},"8":{"name":"getFlag","decl":{"start":{"line":75,"column":20},"end":{"line":75,"column":27}},"loc":{"start":{"line":75,"column":38},"end":{"line":90,"column":5}},"line":75}},"branchMap":{"0":{"loc":{"start":{"line":12,"column":46},"end":{"line":12,"column":94}},"type":"cond-expr","locations":[{"start":{"line":12,"column":70},"end":{"line":12,"column":73}},{"start":{"line":12,"column":76},"end":{"line":12,"column":94}}],"line":12},"1":{"loc":{"start":{"line":12,"column":46},"end":{"line":12,"column":67}},"type":"binary-expr","locations":[{"start":{"line":12,"column":46},"end":{"line":12,"column":49}},{"start":{"line":12,"column":53},"end":{"line":12,"column":67}}],"line":12},"2":{"loc":{"start":{"line":14,"column":50},"end":{"line":14,"column":151}},"type":"if","locations":[{"start":{"line":14,"column":50},"end":{"line":14,"column":151}},{"start":{"line":14,"column":50},"end":{"line":14,"column":151}}],"line":14},"3":{"loc":{"start":{"line":16,"column":136},"end":{"line":16,"column":166}},"type":"binary-expr","locations":[{"start":{"line":16,"column":136},"end":{"line":16,"column":157}},{"start":{"line":16,"column":161},"end":{"line":16,"column":166}}],"line":16},"4":{"loc":{"start":{"line":16,"column":200},"end":{"line":16,"column":254}},"type":"if","locations":[{"start":{"line":16,"column":200},"end":{"line":16,"column":254}},{"start":{"line":16,"column":200},"end":{"line":16,"column":254}}],"line":16},"5":{"loc":{"start":{"line":18,"column":62},"end":{"line":18,"column":131}},"type":"if","locations":[{"start":{"line":18,"column":62},"end":{"line":18,"column":131}},{"start":{"line":18,"column":62},"end":{"line":18,"column":131}}],"line":18},"6":{"loc":{"start":{"line":18,"column":132},"end":{"line":18,"column":193}},"type":"if","locations":[{"start":{"line":18,"column":132},"end":{"line":18,"column":193}},{"start":{"line":18,"column":132},"end":{"line":18,"column":193}}],"line":18},"7":{"loc":{"start":{"line":30,"column":6},"end":{"line":35,"column":7}},"type":"if","locations":[{"start":{"line":30,"column":6},"end":{"line":35,"column":7}},{"start":{"line":30,"column":6},"end":{"line":35,"column":7}}],"line":30},"8":{"loc":{"start":{"line":30,"column":10},"end":{"line":30,"column":98}},"type":"binary-expr","locations":[{"start":{"line":30,"column":10},"end":{"line":30,"column":30}},{"start":{"line":30,"column":34},"end":{"line":30,"column":50}},{"start":{"line":30,"column":54},"end":{"line":30,"column":75}},{"start":{"line":30,"column":79},"end":{"line":30,"column":98}}],"line":30},"9":{"loc":{"start":{"line":41,"column":6},"end":{"line":46,"column":7}},"type":"if","locations":[{"start":{"line":41,"column":6},"end":{"line":46,"column":7}},{"start":{"line":41,"column":6},"end":{"line":46,"column":7}}],"line":41},"10":{"loc":{"start":{"line":60,"column":6},"end":{"line":65,"column":7}},"type":"if","locations":[{"start":{"line":60,"column":6},"end":{"line":65,"column":7}},{"start":{"line":60,"column":6},"end":{"line":65,"column":7}}],"line":60},"11":{"loc":{"start":{"line":60,"column":10},"end":{"line":60,"column":38}},"type":"binary-expr","locations":[{"start":{"line":60,"column":10},"end":{"line":60,"column":28}},{"start":{"line":60,"column":32},"end":{"line":60,"column":38}}],"line":60},"12":{"loc":{"start":{"line":78,"column":6},"end":{"line":83,"column":7}},"type":"if","locations":[{"start":{"line":78,"column":6},"end":{"line":83,"column":7}},{"start":{"line":78,"column":6},"end":{"line":83,"column":7}}],"line":78}},"s":{"0":1,"1":1,"2":1,"3":1,"4":1,"5":0,"6":0,"7":1,"8":1,"9":3,"10":3,"11":3,"12":3,"13":3,"14":3,"15":1,"16":0,"17":1,"18":1,"19":1,"20":1,"21":0,"22":1,"23":0,"24":0,"25":0,"26":0,"27":0,"28":0,"29":0,"30":0,"31":0,"32":0,"33":0,"34":0,"35":0,"36":0,"37":0,"38":0,"39":1,"40":1,"41":1},"f":{"0":1,"1":0,"2":1,"3":1,"4":1,"5":0,"6":0,"7":0,"8":0},"b":{"0":[1,0],"1":[1,1],"2":[0,0],"3":[3,3],"4":[3,0],"5":[0,1],"6":[1,0],"7":[0,0],"8":[0,0,0,0],"9":[0,0],"10":[0,0],"11":[0,0],"12":[0,0]},"_coverageSchema":"43e27e138ebf9cfc5966b082cf9a028302ed4184","hash":"4886dea4d3fffd653cf908fb25cb2a52a0b95514","contentHash":"a0eae7a00db304e34c7d132d1d161520c9986341ce29568e811fc4c72da5b33f"},"C:\\Users\\UCHE\\Desktop\\projects\\property-pro\\property-pro\\server\\helpers\\flagHelper.js":{"path":"C:\\Users\\UCHE\\Desktop\\projects\\property-pro\\property-pro\\server\\helpers\\flagHelper.js","statementMap":{"0":{"start":{"line":3,"column":0},"end":{"line":5,"column":3}},"1":{"start":{"line":6,"column":0},"end":{"line":6,"column":69}},"2":{"start":{"line":8,"column":16},"end":{"line":8,"column":69}},"3":{"start":{"line":10,"column":12},"end":{"line":10,"column":61}},"4":{"start":{"line":12,"column":12},"end":{"line":12,"column":61}},"5":{"start":{"line":14,"column":39},"end":{"line":14,"column":95}},"6":{"start":{"line":16,"column":13},"end":{"line":29,"column":1}},"7":{"start":{"line":17,"column":16},"end":{"line":24,"column":3}},"8":{"start":{"line":26,"column":2},"end":{"line":26,"column":33}},"9":{"start":{"line":28,"column":2},"end":{"line":28,"column":17}},"10":{"start":{"line":31,"column":0},"end":{"line":31,"column":24}},"11":{"start":{"line":33,"column":15},"end":{"line":35,"column":1}},"12":{"start":{"line":34,"column":2},"end":{"line":34,"column":26}},"13":{"start":{"line":37,"column":0},"end":{"line":37,"column":28}},"14":{"start":{"line":39,"column":22},"end":{"line":43,"column":1}},"15":{"start":{"line":40,"column":2},"end":{"line":42,"column":5}},"16":{"start":{"line":41,"column":4},"end":{"line":41,"column":26}},"17":{"start":{"line":45,"column":0},"end":{"line":45,"column":42}}},"fnMap":{"0":{"name":"_interopRequireDefault","decl":{"start":{"line":14,"column":9},"end":{"line":14,"column":31}},"loc":{"start":{"line":14,"column":37},"end":{"line":14,"column":97}},"line":14},"1":{"name":"flagAd","decl":{"start":{"line":16,"column":22},"end":{"line":16,"column":28}},"loc":{"start":{"line":16,"column":35},"end":{"line":29,"column":1}},"line":16},"2":{"name":"getFlags","decl":{"start":{"line":33,"column":24},"end":{"line":33,"column":32}},"loc":{"start":{"line":33,"column":35},"end":{"line":35,"column":1}},"line":33},"3":{"name":"getSpecificFlag","decl":{"start":{"line":39,"column":31},"end":{"line":39,"column":46}},"loc":{"start":{"line":39,"column":51},"end":{"line":43,"column":1}},"line":39},"4":{"name":"(anonymous_4)","decl":{"start":{"line":40,"column":31},"end":{"line":40,"column":32}},"loc":{"start":{"line":40,"column":47},"end":{"line":42,"column":3}},"line":40}},"branchMap":{"0":{"loc":{"start":{"line":14,"column":46},"end":{"line":14,"column":94}},"type":"cond-expr","locations":[{"start":{"line":14,"column":70},"end":{"line":14,"column":73}},{"start":{"line":14,"column":76},"end":{"line":14,"column":94}}],"line":14},"1":{"loc":{"start":{"line":14,"column":46},"end":{"line":14,"column":67}},"type":"binary-expr","locations":[{"start":{"line":14,"column":46},"end":{"line":14,"column":49}},{"start":{"line":14,"column":53},"end":{"line":14,"column":67}}],"line":14}},"s":{"0":1,"1":1,"2":1,"3":1,"4":1,"5":3,"6":1,"7":0,"8":0,"9":0,"10":1,"11":1,"12":0,"13":1,"14":1,"15":0,"16":0,"17":1},"f":{"0":3,"1":0,"2":0,"3":0,"4":0},"b":{"0":[3,0],"1":[3,3]},"_coverageSchema":"43e27e138ebf9cfc5966b082cf9a028302ed4184","hash":"7e0d7e554e4bad58dae5d497c5485e5568f6be30","contentHash":"51b076d5529f88020100339e12693167f20b7e4cc32ebf01528341dc08b7772c"},"C:\\Users\\UCHE\\Desktop\\projects\\property-pro\\property-pro\\server\\models\\flag.js":{"path":"C:\\Users\\UCHE\\Desktop\\projects\\property-pro\\property-pro\\server\\models\\flag.js","statementMap":{"0":{"start":{"line":3,"column":0},"end":{"line":5,"column":3}},"1":{"start":{"line":6,"column":0},"end":{"line":6,"column":28}},"2":{"start":{"line":7,"column":12},"end":{"line":19,"column":2}},"3":{"start":{"line":20,"column":15},"end":{"line":20,"column":20}},"4":{"start":{"line":21,"column":0},"end":{"line":21,"column":30}}},"fnMap":{},"branchMap":{},"s":{"0":1,"1":1,"2":1,"3":1,"4":1},"f":{},"b":{},"_coverageSchema":"43e27e138ebf9cfc5966b082cf9a028302ed4184","hash":"a762c3e1cf1f77c2e07f7cc019ad501c9c0ff670","contentHash":"f9905b8c0bfb3458a3820b4a83c06eba19133708a780ac2719315e3a408cb02f"},"C:\\Users\\UCHE\\Desktop\\projects\\property-pro\\property-pro\\server\\middleware\\flagValidation.js":{"path":"C:\\Users\\UCHE\\Desktop\\projects\\property-pro\\property-pro\\server\\middleware\\flagValidation.js","statementMap":{"0":{"start":{"line":3,"column":0},"end":{"line":5,"column":3}},"1":{"start":{"line":6,"column":0},"end":{"line":6,"column":28}},"2":{"start":{"line":8,"column":50},"end":{"line":8,"column":151}},"3":{"start":{"line":8,"column":92},"end":{"line":8,"column":149}},"4":{"start":{"line":10,"column":44},"end":{"line":10,"column":315}},"5":{"start":{"line":10,"column":57},"end":{"line":10,"column":58}},"6":{"start":{"line":10,"column":102},"end":{"line":10,"column":110}},"7":{"start":{"line":10,"column":112},"end":{"line":10,"column":167}},"8":{"start":{"line":10,"column":168},"end":{"line":10,"column":199}},"9":{"start":{"line":10,"column":200},"end":{"line":10,"column":254}},"10":{"start":{"line":10,"column":227},"end":{"line":10,"column":254}},"11":{"start":{"line":10,"column":255},"end":{"line":10,"column":313}},"12":{"start":{"line":12,"column":62},"end":{"line":12,"column":131}},"13":{"start":{"line":12,"column":78},"end":{"line":12,"column":131}},"14":{"start":{"line":12,"column":132},"end":{"line":12,"column":193}},"15":{"start":{"line":12,"column":149},"end":{"line":12,"column":193}},"16":{"start":{"line":12,"column":194},"end":{"line":12,"column":213}},"17":{"start":{"line":16,"column":0},"end":{"line":61,"column":3}},"18":{"start":{"line":18,"column":4},"end":{"line":18,"column":42}},"19":{"start":{"line":21,"column":2},"end":{"line":58,"column":6}},"20":{"start":{"line":24,"column":22},"end":{"line":24,"column":30}},"21":{"start":{"line":25,"column":19},"end":{"line":25,"column":35}},"22":{"start":{"line":26,"column":24},"end":{"line":26,"column":45}},"23":{"start":{"line":28,"column":6},"end":{"line":33,"column":7}},"24":{"start":{"line":29,"column":8},"end":{"line":32,"column":11}},"25":{"start":{"line":35,"column":6},"end":{"line":40,"column":7}},"26":{"start":{"line":36,"column":8},"end":{"line":39,"column":11}},"27":{"start":{"line":42,"column":6},"end":{"line":47,"column":7}},"28":{"start":{"line":43,"column":8},"end":{"line":46,"column":11}},"29":{"start":{"line":49,"column":6},"end":{"line":54,"column":7}},"30":{"start":{"line":50,"column":8},"end":{"line":53,"column":11}},"31":{"start":{"line":56,"column":6},"end":{"line":56,"column":13}},"32":{"start":{"line":60,"column":2},"end":{"line":60,"column":24}},"33":{"start":{"line":63,"column":22},"end":{"line":63,"column":52}},"34":{"start":{"line":64,"column":15},"end":{"line":64,"column":30}},"35":{"start":{"line":65,"column":0},"end":{"line":65,"column":30}}},"fnMap":{"0":{"name":"_classCallCheck","decl":{"start":{"line":8,"column":9},"end":{"line":8,"column":24}},"loc":{"start":{"line":8,"column":48},"end":{"line":8,"column":153}},"line":8},"1":{"name":"_defineProperties","decl":{"start":{"line":10,"column":9},"end":{"line":10,"column":26}},"loc":{"start":{"line":10,"column":42},"end":{"line":10,"column":317}},"line":10},"2":{"name":"_createClass","decl":{"start":{"line":12,"column":9},"end":{"line":12,"column":21}},"loc":{"start":{"line":12,"column":60},"end":{"line":12,"column":215}},"line":12},"3":{"name":"(anonymous_3)","decl":{"start":{"line":16,"column":0},"end":{"line":16,"column":1}},"loc":{"start":{"line":16,"column":12},"end":{"line":61,"column":1}},"line":16},"4":{"name":"flagValidators","decl":{"start":{"line":17,"column":11},"end":{"line":17,"column":25}},"loc":{"start":{"line":17,"column":28},"end":{"line":19,"column":3}},"line":17},"5":{"name":"flagAdValidator","decl":{"start":{"line":23,"column":20},"end":{"line":23,"column":35}},"loc":{"start":{"line":23,"column":52},"end":{"line":57,"column":5}},"line":23}},"branchMap":{"0":{"loc":{"start":{"line":8,"column":50},"end":{"line":8,"column":151}},"type":"if","locations":[{"start":{"line":8,"column":50},"end":{"line":8,"column":151}},{"start":{"line":8,"column":50},"end":{"line":8,"column":151}}],"line":8},"1":{"loc":{"start":{"line":10,"column":136},"end":{"line":10,"column":166}},"type":"binary-expr","locations":[{"start":{"line":10,"column":136},"end":{"line":10,"column":157}},{"start":{"line":10,"column":161},"end":{"line":10,"column":166}}],"line":10},"2":{"loc":{"start":{"line":10,"column":200},"end":{"line":10,"column":254}},"type":"if","locations":[{"start":{"line":10,"column":200},"end":{"line":10,"column":254}},{"start":{"line":10,"column":200},"end":{"line":10,"column":254}}],"line":10},"3":{"loc":{"start":{"line":12,"column":62},"end":{"line":12,"column":131}},"type":"if","locations":[{"start":{"line":12,"column":62},"end":{"line":12,"column":131}},{"start":{"line":12,"column":62},"end":{"line":12,"column":131}}],"line":12},"4":{"loc":{"start":{"line":12,"column":132},"end":{"line":12,"column":193}},"type":"if","locations":[{"start":{"line":12,"column":132},"end":{"line":12,"column":193}},{"start":{"line":12,"column":132},"end":{"line":12,"column":193}}],"line":12},"5":{"loc":{"start":{"line":28,"column":6},"end":{"line":33,"column":7}},"type":"if","locations":[{"start":{"line":28,"column":6},"end":{"line":33,"column":7}},{"start":{"line":28,"column":6},"end":{"line":33,"column":7}}],"line":28},"6":{"loc":{"start":{"line":35,"column":6},"end":{"line":40,"column":7}},"type":"if","locations":[{"start":{"line":35,"column":6},"end":{"line":40,"column":7}},{"start":{"line":35,"column":6},"end":{"line":40,"column":7}}],"line":35},"7":{"loc":{"start":{"line":42,"column":6},"end":{"line":47,"column":7}},"type":"if","locations":[{"start":{"line":42,"column":6},"end":{"line":47,"column":7}},{"start":{"line":42,"column":6},"end":{"line":47,"column":7}}],"line":42},"8":{"loc":{"start":{"line":49,"column":6},"end":{"line":54,"column":7}},"type":"if","locations":[{"start":{"line":49,"column":6},"end":{"line":54,"column":7}},{"start":{"line":49,"column":6},"end":{"line":54,"column":7}}],"line":49}},"s":{"0":1,"1":1,"2":0,"3":0,"4":1,"5":1,"6":1,"7":1,"8":1,"9":1,"10":1,"11":1,"12":1,"13":0,"14":1,"15":1,"16":1,"17":1,"18":0,"19":1,"20":0,"21":0,"22":0,"23":0,"24":0,"25":0,"26":0,"27":0,"28":0,"29":0,"30":0,"31":0,"32":1,"33":1,"34":1,"35":1},"f":{"0":0,"1":1,"2":1,"3":1,"4":0,"5":0},"b":{"0":[0,0],"1":[1,1],"2":[1,0],"3":[0,1],"4":[1,0],"5":[0,0],"6":[0,0],"7":[0,0],"8":[0,0]},"_coverageSchema":"43e27e138ebf9cfc5966b082cf9a028302ed4184","hash":"0d4ffaf874877d82d024e5fd81d8764881aca915","contentHash":"8f1af306807b02284822803f3e41eb2aa4a351022cc8419329f5f3f9142d0a54"},"C:\\Users\\UCHE\\Desktop\\projects\\property-pro\\property-pro\\server\\middleware\\authToken.js":{"path":"C:\\Users\\UCHE\\Desktop\\projects\\property-pro\\property-pro\\server\\middleware\\authToken.js","statementMap":{"0":{"start":{"line":3,"column":0},"end":{"line":5,"column":3}},"1":{"start":{"line":6,"column":0},"end":{"line":6,"column":28}},"2":{"start":{"line":8,"column":20},"end":{"line":8,"column":83}},"3":{"start":{"line":10,"column":39},"end":{"line":10,"column":95}},"4":{"start":{"line":15,"column":18},"end":{"line":35,"column":1}},"5":{"start":{"line":16,"column":21},"end":{"line":16,"column":46}},"6":{"start":{"line":18,"column":2},"end":{"line":22,"column":3}},"7":{"start":{"line":19,"column":17},"end":{"line":19,"column":40}},"8":{"start":{"line":20,"column":22},"end":{"line":20,"column":31}},"9":{"start":{"line":21,"column":4},"end":{"line":21,"column":28}},"10":{"start":{"line":24,"column":2},"end":{"line":34,"column":5}},"11":{"start":{"line":25,"column":4},"end":{"line":30,"column":5}},"12":{"start":{"line":26,"column":6},"end":{"line":29,"column":9}},"13":{"start":{"line":32,"column":4},"end":{"line":32,"column":20}},"14":{"start":{"line":33,"column":4},"end":{"line":33,"column":11}},"15":{"start":{"line":37,"column":15},"end":{"line":37,"column":26}},"16":{"start":{"line":38,"column":0},"end":{"line":38,"column":30}}},"fnMap":{"0":{"name":"_interopRequireDefault","decl":{"start":{"line":10,"column":9},"end":{"line":10,"column":31}},"loc":{"start":{"line":10,"column":37},"end":{"line":10,"column":97}},"line":10},"1":{"name":"verifyToken","decl":{"start":{"line":15,"column":27},"end":{"line":15,"column":38}},"loc":{"start":{"line":15,"column":55},"end":{"line":35,"column":1}},"line":15},"2":{"name":"(anonymous_2)","decl":{"start":{"line":24,"column":50},"end":{"line":24,"column":51}},"loc":{"start":{"line":24,"column":71},"end":{"line":34,"column":3}},"line":24}},"branchMap":{"0":{"loc":{"start":{"line":10,"column":46},"end":{"line":10,"column":94}},"type":"cond-expr","locations":[{"start":{"line":10,"column":70},"end":{"line":10,"column":73}},{"start":{"line":10,"column":76},"end":{"line":10,"column":94}}],"line":10},"1":{"loc":{"start":{"line":10,"column":46},"end":{"line":10,"column":67}},"type":"binary-expr","locations":[{"start":{"line":10,"column":46},"end":{"line":10,"column":49}},{"start":{"line":10,"column":53},"end":{"line":10,"column":67}}],"line":10},"2":{"loc":{"start":{"line":18,"column":2},"end":{"line":22,"column":3}},"type":"if","locations":[{"start":{"line":18,"column":2},"end":{"line":22,"column":3}},{"start":{"line":18,"column":2},"end":{"line":22,"column":3}}],"line":18},"3":{"loc":{"start":{"line":25,"column":4},"end":{"line":30,"column":5}},"type":"if","locations":[{"start":{"line":25,"column":4},"end":{"line":30,"column":5}},{"start":{"line":25,"column":4},"end":{"line":30,"column":5}}],"line":25}},"s":{"0":1,"1":1,"2":1,"3":1,"4":1,"5":0,"6":0,"7":0,"8":0,"9":0,"10":0,"11":0,"12":0,"13":0,"14":0,"15":1,"16":1},"f":{"0":1,"1":0,"2":0},"b":{"0":[0,1],"1":[1,1],"2":[0,0],"3":[0,0]},"_coverageSchema":"43e27e138ebf9cfc5966b082cf9a028302ed4184","hash":"54acffa91e9172f78f8987db8314761f8b31cb9e","contentHash":"4ab65ab07338e1e13a5db3347a89f3169dd9899854948089b9400c8ae8233df0"}}